[36m--[0m ==============================================================
[36m--[0m ====================  Dependencies ===========================
[36m--[0m Boost version: 1.65.1
[36m--[0m Found the following Boost libraries:
[36m--[0m   filesystem
[36m--[0m   serialization
[36m--[0m   regex
[36m--[0m   timer
[36m--[0m   date_time
[36m--[0m   thread
[36m--[0m   system
[36m--[0m   chrono
[36m--[0m   atomic
[36m--[0m Found installed version of gflags: /usr/local/lib/cmake/gflags
[36m--[0m Detected gflags version: 2.2.2
[36m--[0m Found installed version of glog: /usr/local/lib/cmake/glog
[36m--[0m Detected glog version: 0.4.0
[36m--[0m GTSAM include directory:  /home/dominic/kim_ws/devel/lib/cmake/GTSAM/../../../include
[36m--[0m Vocabulary file exists, will not download.
[36m--[0m ===============================================================
[36m--[0m ================  Configuration Options  ======================
[36m--[0m CMAKE_CXX_COMPILER_ID type                : GNU
[36m--[0m CMAKE_CXX_COMPILER_VERSION                : 7.5.0
[36m--[0m Build flags
[36m--[0m   Build type                              : Release
[36m--[0m   C compilation flags (Release)           :  -O3 -DNDEBUG
[36m--[0m   C++ compilation flags (Release)         :  -O3 -DNDEBUG
[36m--[0m Configuring done
[33m[1mCMake Warning[0m at /home/dominic/kim_ws/src/Kimera-VIO/CMakeLists.txt:154 (add_executable):
  Cannot generate a safe runtime search path for target stereoVIOEuroc
  because there is a cycle in the constraint graph:

    dir 0 is [/usr/local/cuda-10.0/lib64]
    dir 1 is [/home/dominic/kim_ws/build/kimera_vio]
    dir 2 is [/usr/local/lib]
      dir 3 must precede it due to runtime library [libKimeraRPGO.so]
      dir 4 must precede it due to runtime library [libgtsam_unstable.so.4]
    dir 3 is [/home/dominic/kim_ws/src/Kimera-RPGO/build]
    dir 4 is [/home/dominic/kim_ws/devel/lib]
      dir 3 must precede it due to runtime library [libKimeraRPGO.so]

  Some of these libraries may not be found correctly.


[33m[1mCMake Warning[0m at /home/dominic/kim_ws/src/Kimera-VIO/CMakeLists.txt:196 (add_executable):
  Cannot generate a safe runtime search path for target testKimeraVIO because
  there is a cycle in the constraint graph:

    dir 0 is [/usr/local/cuda-10.0/lib64]
    dir 1 is [/home/dominic/kim_ws/build/kimera_vio]
    dir 2 is [/usr/local/lib]
      dir 3 must precede it due to runtime library [libKimeraRPGO.so]
      dir 4 must precede it due to runtime library [libgtsam_unstable.so.4]
    dir 3 is [/home/dominic/kim_ws/src/Kimera-RPGO/build]
    dir 4 is [/home/dominic/kim_ws/devel/lib]
      dir 3 must precede it due to runtime library [libKimeraRPGO.so]

  Some of these libraries may not be found correctly.


[36m--[0m Generating done
[36m--[0m Build files have been written to: /home/dominic/kim_ws/build/kimera_vio
