[33m[1mCMake Warning[0m at /home/dominic/kim_ws/src/Kimera-VIO/CMakeLists.txt:154 (add_executable):
  Cannot generate a safe runtime search path for target stereoVIOEuroc
  because there is a cycle in the constraint graph:

    dir 0 is [/usr/local/cuda-10.0/lib64]
    dir 1 is [/home/dominic/kim_ws/build/kimera_vio]
    dir 2 is [/usr/local/lib]
      dir 3 must precede it due to runtime library [libKimeraRPGO.so]
      dir 4 must precede it due to runtime library [libgtsam_unstable.so.4]
    dir 3 is [/home/dominic/kim_ws/src/Kimera-RPGO/build]
    dir 4 is [/home/dominic/kim_ws/devel/lib]
      dir 3 must precede it due to runtime library [libKimeraRPGO.so]

  Some of these libraries may not be found correctly.


[33m[1mCMake Warning[0m at /home/dominic/kim_ws/src/Kimera-VIO/CMakeLists.txt:196 (add_executable):
  Cannot generate a safe runtime search path for target testKimeraVIO because
  there is a cycle in the constraint graph:

    dir 0 is [/usr/local/cuda-10.0/lib64]
    dir 1 is [/home/dominic/kim_ws/build/kimera_vio]
    dir 2 is [/usr/local/lib]
      dir 3 must precede it due to runtime library [libKimeraRPGO.so]
      dir 4 must precede it due to runtime library [libgtsam_unstable.so.4]
    dir 3 is [/home/dominic/kim_ws/src/Kimera-RPGO/build]
    dir 4 is [/home/dominic/kim_ws/devel/lib]
      dir 3 must precede it due to runtime library [libKimeraRPGO.so]

  Some of these libraries may not be found correctly.


