[  7%] Built target wrap_lib
[ 10%] Built target CppUnitLite
[ 10%] Built target wrap
[ 28%] Built target metis
[ 64%] Built target gtsam
[ 64%] Built target PlanarSLAMExample
[ 66%] Built target METISOrderingExample
[ 66%] Built target Pose2SLAMExample_graphviz
[ 66%] Built target Pose2SLAMExample_g2o
[ 66%] Built target ImuFactorExample2
[ 66%] Built target Pose2SLAMExample_graph
[ 66%] Built target SFMExample_bal
[ 69%] Built target SolverComparer
[ 71%] Built target Pose2SLAMStressTest
[ 71%] Built target Pose3Localization
[ 74%] Built target Pose3SLAMExample_changeKeys
[ 76%] Built target Pose2SLAMExampleExpressions
[ 76%] Built target easyPoint2KalmanFilter
[ 76%] Built target Pose3SLAMExampleExpressions_BearingRangeWithTransform
[ 76%] Built target CreateSFMExampleData
[ 76%] Built target OdometryExample
[ 76%] Built target ISAM2Example_SmartFactor
[ 76%] Built target SFMExample_bal_COLAMD_METIS
[ 76%] Built target VisualISAMExample
[ 76%] Built target Pose2SLAMExample
[ 76%] Built target CameraResectioning
[ 76%] Built target InverseKinematicsExampleExpressions
[ 76%] Built target LocalizationExample
[ 79%] Built target ISAM2_SmartFactorStereo_IMU
[ 79%] Built target Pose3SLAMExample_initializePose3Chordal
[ 79%] Built target Pose2SLAMwSPCG
[ 82%] Built target SFMExample
[ 82%] Built target SFMExample_SmartFactor
[ 82%] Built target RangeISAMExample_plaza2
[ 82%] Built target SFMExampleExpressions
[ 82%] Built target Pose3SLAMExample_g2o
[ 82%] Built target Pose3SLAMExample_initializePose3Gradient
[ 82%] Built target SFMExampleExpressions_bal
[ 84%] Built target VisualISAM2Example
[ 84%] Built target TimeTBB
[ 84%] Built target Pose2SLAMExample_lago
[ 87%] Built target SFMExample_SmartFactorPCG
[ 87%] Built target SelfCalibrationExample
[ 87%] Built target SimpleRotation
[ 87%] Built target ImuFactorsExample
[ 87%] Built target StereoVOExample
[ 87%] Built target StereoVOExample_large
[ 97%] Built target gtsam_unstable
[ 97%] Built target schedulingExample
[ 97%] Built target schedulingQuals13
[ 97%] Built target schedulingQuals12
[ 97%] Built target FixedLagSmootherExample
[100%] Built target SmartProjectionFactorExample
[100%] Built target ConcurrentCalibration
[100%] Built target SmartRangeExample_plaza2
[100%] Built target SmartStereoProjectionFactorExample
[100%] Built target TimeOfArrivalExample
[100%] Built target ConcurrentFilteringAndSmoothingExample
[100%] Built target SmartRangeExample_plaza1
