[  2%] Built target CppUnitLite
[ 10%] Built target wrap_lib
[ 10%] Built target wrap
[ 28%] Built target metis
[ 64%] Built target gtsam
[ 64%] Built target Pose2SLAMExample_g2o
[ 66%] Built target METISOrderingExample
[ 66%] Built target PlanarSLAMExample
[ 66%] Built target Pose2SLAMExample_graphviz
[ 66%] Built target ImuFactorExample2
[ 66%] Built target Pose2SLAMExample_graph
[ 66%] Built target SFMExample_bal
[ 69%] Built target Pose3SLAMExample_changeKeys
[ 71%] Built target SolverComparer
[ 74%] Built target Pose2SLAMStressTest
[ 76%] Built target Pose2SLAMExampleExpressions
[ 76%] Built target Pose3Localization
[ 76%] Built target ISAM2Example_SmartFactor
[ 76%] Built target Pose3SLAMExampleExpressions_BearingRangeWithTransform
[ 76%] Built target easyPoint2KalmanFilter
[ 76%] Built target CreateSFMExampleData
[ 76%] Built target CameraResectioning
[ 76%] Built target OdometryExample
[ 76%] Built target SFMExample_bal_COLAMD_METIS
[ 79%] Built target ISAM2_SmartFactorStereo_IMU
[ 79%] Built target VisualISAMExample
[ 79%] Built target Pose2SLAMExample
[ 79%] Built target InverseKinematicsExampleExpressions
[ 79%] Built target LocalizationExample
[ 79%] Built target Pose3SLAMExample_initializePose3Chordal
[ 79%] Built target Pose2SLAMwSPCG
[ 79%] Built target Pose3SLAMExample_g2o
[ 79%] Built target Pose3SLAMExample_initializePose3Gradient
[ 82%] Built target SFMExample
[ 82%] Built target SFMExample_SmartFactor
[ 82%] Built target RangeISAMExample_plaza2
[ 82%] Built target SFMExampleExpressions
[ 84%] Built target SFMExample_SmartFactorPCG
[ 84%] Built target SFMExampleExpressions_bal
[ 87%] Built target VisualISAM2Example
[ 87%] Built target TimeTBB
[ 87%] Built target Pose2SLAMExample_lago
[ 87%] Built target ImuFactorsExample
[ 87%] Built target SelfCalibrationExample
[ 87%] Built target SimpleRotation
[ 87%] Built target StereoVOExample
[ 87%] Built target StereoVOExample_large
[ 97%] Built target gtsam_unstable
[ 97%] Built target schedulingExample
[ 97%] Built target schedulingQuals12
[ 97%] Built target schedulingQuals13
[ 97%] Built target FixedLagSmootherExample
[ 97%] Built target ConcurrentCalibration
[100%] Built target SmartProjectionFactorExample
[100%] Built target SmartRangeExample_plaza2
[100%] Built target TimeOfArrivalExample
[100%] Built target SmartRangeExample_plaza1
[100%] Built target SmartStereoProjectionFactorExample
[100%] Built target ConcurrentFilteringAndSmoothingExample
[36mInstall the project...[0m
-- Install configuration: "Release"
-- Installing: /home/dominic/kim_ws/devel/lib/cmake/GTSAM/gtsam_extra.cmake
-- Installing: /home/dominic/kim_ws/devel/lib/cmake/GTSAM/GTSAMConfig.cmake
-- Installing: /home/dominic/kim_ws/devel/lib/cmake/GTSAM/GTSAMConfigVersion.cmake
-- Installing: /home/dominic/kim_ws/devel/lib/cmake/GTSAM/GTSAM-exports.cmake
-- Installing: /home/dominic/kim_ws/devel/lib/cmake/GTSAM/GTSAM-exports-release.cmake
-- Installing: /home/dominic/kim_ws/devel/include/CppUnitLite/Failure.h
-- Installing: /home/dominic/kim_ws/devel/include/CppUnitLite/Test.h
-- Installing: /home/dominic/kim_ws/devel/include/CppUnitLite/TestHarness.h
-- Installing: /home/dominic/kim_ws/devel/include/CppUnitLite/TestRegistry.h
-- Installing: /home/dominic/kim_ws/devel/include/CppUnitLite/TestResult.h
-- Installing: /home/dominic/kim_ws/devel/lib/libCppUnitLite.a
-- Installing: /home/dominic/kim_ws/devel/bin/wrap
-- Installing: /home/dominic/kim_ws/devel/include/wrap/matlab.h
-- Installing: /home/dominic/kim_ws/devel/include/gtsam/global_includes.h
-- Installing: /home/dominic/kim_ws/devel/include/gtsam/precompiled_header.h
-- Installing: /home/dominic/kim_ws/devel/include/gtsam/config.h
-- Installing: /home/dominic/kim_ws/devel/include/gtsam/dllexport.h
-- Installing: /home/dominic/kim_ws/devel/lib/libgtsam.so.4.0.2
-- Installing: /home/dominic/kim_ws/devel/lib/libgtsam.so.4
-- Installing: /home/dominic/kim_ws/devel/lib/libgtsam.so
-- Set runtime path of "/home/dominic/kim_ws/devel/lib/libgtsam.so.4.0.2" to ""
-- Installing: /home/dominic/kim_ws/devel/include/gtsam/3rdparty/CCOLAMD/ccolamd.h
-- Installing: /home/dominic/kim_ws/devel/include/gtsam/3rdparty/SuiteSparse_config/SuiteSparse_config.h
-- Installing: /home/dominic/kim_ws/devel/include/gtsam/3rdparty/Eigen/Eigen/Cholesky
-- Installing: /home/dominic/kim_ws/devel/include/gtsam/3rdparty/Eigen/Eigen/CholmodSupport
-- Installing: /home/dominic/kim_ws/devel/include/gtsam/3rdparty/Eigen/Eigen/Core
-- Installing: /home/dominic/kim_ws/devel/include/gtsam/3rdparty/Eigen/Eigen/Dense
-- Installing: /home/dominic/kim_ws/devel/include/gtsam/3rdparty/Eigen/Eigen/Eigen
-- Installing: /home/dominic/kim_ws/devel/include/gtsam/3rdparty/Eigen/Eigen/Eigenvalues
-- Installing: /home/dominic/kim_ws/devel/include/gtsam/3rdparty/Eigen/Eigen/Geometry
-- Installing: /home/dominic/kim_ws/devel/include/gtsam/3rdparty/Eigen/Eigen/Householder
-- Installing: /home/dominic/kim_ws/devel/include/gtsam/3rdparty/Eigen/Eigen/IterativeLinearSolvers
-- Installing: /home/dominic/kim_ws/devel/include/gtsam/3rdparty/Eigen/Eigen/Jacobi
-- Installing: /home/dominic/kim_ws/devel/include/gtsam/3rdparty/Eigen/Eigen/LU
-- Installing: /home/dominic/kim_ws/devel/include/gtsam/3rdparty/Eigen/Eigen/MetisSupport
-- Installing: /home/dominic/kim_ws/devel/include/gtsam/3rdparty/Eigen/Eigen/OrderingMethods
-- Installing: /home/dominic/kim_ws/devel/include/gtsam/3rdparty/Eigen/Eigen/PaStiXSupport
-- Installing: /home/dominic/kim_ws/devel/include/gtsam/3rdparty/Eigen/Eigen/PardisoSupport
-- Installing: /home/dominic/kim_ws/devel/include/gtsam/3rdparty/Eigen/Eigen/QR
-- Installing: /home/dominic/kim_ws/devel/include/gtsam/3rdparty/Eigen/Eigen/QtAlignedMalloc
-- Installing: /home/dominic/kim_ws/devel/include/gtsam/3rdparty/Eigen/Eigen/SPQRSupport
-- Installing: /home/dominic/kim_ws/devel/include/gtsam/3rdparty/Eigen/Eigen/SVD
-- Installing: /home/dominic/kim_ws/devel/include/gtsam/3rdparty/Eigen/Eigen/Sparse
-- Installing: /home/dominic/kim_ws/devel/include/gtsam/3rdparty/Eigen/Eigen/SparseCholesky
-- Installing: /home/dominic/kim_ws/devel/include/gtsam/3rdparty/Eigen/Eigen/SparseCore
-- Installing: /home/dominic/kim_ws/devel/include/gtsam/3rdparty/Eigen/Eigen/SparseLU
-- Installing: /home/dominic/kim_ws/devel/include/gtsam/3rdparty/Eigen/Eigen/SparseQR
-- Installing: /home/dominic/kim_ws/devel/include/gtsam/3rdparty/Eigen/Eigen/StdDeque
-- Installing: /home/dominic/kim_ws/devel/include/gtsam/3rdparty/Eigen/Eigen/StdList
-- Installing: /home/dominic/kim_ws/devel/include/gtsam/3rdparty/Eigen/Eigen/StdVector
-- Installing: /home/dominic/kim_ws/devel/include/gtsam/3rdparty/Eigen/Eigen/SuperLUSupport
-- Installing: /home/dominic/kim_ws/devel/include/gtsam/3rdparty/Eigen/Eigen/UmfPackSupport
-- Up-to-date: /home/dominic/kim_ws/devel/include/gtsam/3rdparty/Eigen/Eigen
-- Installing: /home/dominic/kim_ws/devel/include/gtsam/3rdparty/Eigen/Eigen/src
-- Installing: /home/dominic/kim_ws/devel/include/gtsam/3rdparty/Eigen/Eigen/src/Jacobi
-- Installing: /home/dominic/kim_ws/devel/include/gtsam/3rdparty/Eigen/Eigen/src/Jacobi/Jacobi.h
-- Installing: /home/dominic/kim_ws/devel/include/gtsam/3rdparty/Eigen/Eigen/src/QR
-- Installing: /home/dominic/kim_ws/devel/include/gtsam/3rdparty/Eigen/Eigen/src/QR/ColPivHouseholderQR.h
-- Installing: /home/dominic/kim_ws/devel/include/gtsam/3rdparty/Eigen/Eigen/src/QR/HouseholderQR.h
-- Installing: /home/dominic/kim_ws/devel/include/gtsam/3rdparty/Eigen/Eigen/src/QR/CompleteOrthogonalDecomposition.h
-- Installing: /home/dominic/kim_ws/devel/include/gtsam/3rdparty/Eigen/Eigen/src/QR/FullPivHouseholderQR.h
-- Installing: /home/dominic/kim_ws/devel/include/gtsam/3rdparty/Eigen/Eigen/src/QR/HouseholderQR_LAPACKE.h
-- Installing: /home/dominic/kim_ws/devel/include/gtsam/3rdparty/Eigen/Eigen/src/QR/ColPivHouseholderQR_LAPACKE.h
-- Installing: /home/dominic/kim_ws/devel/include/gtsam/3rdparty/Eigen/Eigen/src/PaStiXSupport
-- Installing: /home/dominic/kim_ws/devel/include/gtsam/3rdparty/Eigen/Eigen/src/PaStiXSupport/PaStiXSupport.h
-- Installing: /home/dominic/kim_ws/devel/include/gtsam/3rdparty/Eigen/Eigen/src/Householder
-- Installing: /home/dominic/kim_ws/devel/include/gtsam/3rdparty/Eigen/Eigen/src/Householder/HouseholderSequence.h
-- Installing: /home/dominic/kim_ws/devel/include/gtsam/3rdparty/Eigen/Eigen/src/Householder/Householder.h
-- Installing: /home/dominic/kim_ws/devel/include/gtsam/3rdparty/Eigen/Eigen/src/Householder/BlockHouseholder.h
-- Installing: /home/dominic/kim_ws/devel/include/gtsam/3rdparty/Eigen/Eigen/src/SparseLU
-- Installing: /home/dominic/kim_ws/devel/include/gtsam/3rdparty/Eigen/Eigen/src/SparseLU/SparseLU_relax_snode.h
-- Installing: /home/dominic/kim_ws/devel/include/gtsam/3rdparty/Eigen/Eigen/src/SparseLU/SparseLU_pivotL.h
-- Installing: /home/dominic/kim_ws/devel/include/gtsam/3rdparty/Eigen/Eigen/src/SparseLU/SparseLU_gemm_kernel.h
-- Installing: /home/dominic/kim_ws/devel/include/gtsam/3rdparty/Eigen/Eigen/src/SparseLU/SparseLU_pruneL.h
-- Installing: /home/dominic/kim_ws/devel/include/gtsam/3rdparty/Eigen/Eigen/src/SparseLU/SparseLU_panel_bmod.h
-- Installing: /home/dominic/kim_ws/devel/include/gtsam/3rdparty/Eigen/Eigen/src/SparseLU/SparseLU_kernel_bmod.h
-- Installing: /home/dominic/kim_ws/devel/include/gtsam/3rdparty/Eigen/Eigen/src/SparseLU/SparseLU_panel_dfs.h
-- Installing: /home/dominic/kim_ws/devel/include/gtsam/3rdparty/Eigen/Eigen/src/SparseLU/SparseLU_column_dfs.h
-- Installing: /home/dominic/kim_ws/devel/include/gtsam/3rdparty/Eigen/Eigen/src/SparseLU/SparseLU.h
-- Installing: /home/dominic/kim_ws/devel/include/gtsam/3rdparty/Eigen/Eigen/src/SparseLU/SparseLU_Memory.h
-- Installing: /home/dominic/kim_ws/devel/include/gtsam/3rdparty/Eigen/Eigen/src/SparseLU/SparseLU_SupernodalMatrix.h
-- Installing: /home/dominic/kim_ws/devel/include/gtsam/3rdparty/Eigen/Eigen/src/SparseLU/SparseLU_heap_relax_snode.h
-- Installing: /home/dominic/kim_ws/devel/include/gtsam/3rdparty/Eigen/Eigen/src/SparseLU/SparseLUImpl.h
-- Installing: /home/dominic/kim_ws/devel/include/gtsam/3rdparty/Eigen/Eigen/src/SparseLU/SparseLU_column_bmod.h
-- Installing: /home/dominic/kim_ws/devel/include/gtsam/3rdparty/Eigen/Eigen/src/SparseLU/SparseLU_copy_to_ucol.h
-- Installing: /home/dominic/kim_ws/devel/include/gtsam/3rdparty/Eigen/Eigen/src/SparseLU/SparseLU_Structs.h
-- Installing: /home/dominic/kim_ws/devel/include/gtsam/3rdparty/Eigen/Eigen/src/SparseLU/SparseLU_Utils.h
-- Installing: /home/dominic/kim_ws/devel/include/gtsam/3rdparty/Eigen/Eigen/src/UmfPackSupport
-- Installing: /home/dominic/kim_ws/devel/include/gtsam/3rdparty/Eigen/Eigen/src/UmfPackSupport/UmfPackSupport.h
-- Installing: /home/dominic/kim_ws/devel/include/gtsam/3rdparty/Eigen/Eigen/src/Core
-- Installing: /home/dominic/kim_ws/devel/include/gtsam/3rdparty/Eigen/Eigen/src/Core/DenseBase.h
-- Installing: /home/dominic/kim_ws/devel/include/gtsam/3rdparty/Eigen/Eigen/src/Core/NestByValue.h
-- Installing: /home/dominic/kim_ws/devel/include/gtsam/3rdparty/Eigen/Eigen/src/Core/NoAlias.h
-- Installing: /home/dominic/kim_ws/devel/include/gtsam/3rdparty/Eigen/Eigen/src/Core/Stride.h
-- Installing: /home/dominic/kim_ws/devel/include/gtsam/3rdparty/Eigen/Eigen/src/Core/ReturnByValue.h
-- Installing: /home/dominic/kim_ws/devel/include/gtsam/3rdparty/Eigen/Eigen/src/Core/Matrix.h
-- Installing: /home/dominic/kim_ws/devel/include/gtsam/3rdparty/Eigen/Eigen/src/Core/SelfCwiseBinaryOp.h
-- Installing: /home/dominic/kim_ws/devel/include/gtsam/3rdparty/Eigen/Eigen/src/Core/TriangularMatrix.h
-- Installing: /home/dominic/kim_ws/devel/include/gtsam/3rdparty/Eigen/Eigen/src/Core/Solve.h
-- Installing: /home/dominic/kim_ws/devel/include/gtsam/3rdparty/Eigen/Eigen/src/Core/GeneralProduct.h
-- Installing: /home/dominic/kim_ws/devel/include/gtsam/3rdparty/Eigen/Eigen/src/Core/ForceAlignedAccess.h
-- Installing: /home/dominic/kim_ws/devel/include/gtsam/3rdparty/Eigen/Eigen/src/Core/SelfAdjointView.h
-- Installing: /home/dominic/kim_ws/devel/include/gtsam/3rdparty/Eigen/Eigen/src/Core/Transpose.h
-- Installing: /home/dominic/kim_ws/devel/include/gtsam/3rdparty/Eigen/Eigen/src/Core/StableNorm.h
-- Installing: /home/dominic/kim_ws/devel/include/gtsam/3rdparty/Eigen/Eigen/src/Core/BooleanRedux.h
-- Installing: /home/dominic/kim_ws/devel/include/gtsam/3rdparty/Eigen/Eigen/src/Core/util
-- Installing: /home/dominic/kim_ws/devel/include/gtsam/3rdparty/Eigen/Eigen/src/Core/util/NonMPL2.h
-- Installing: /home/dominic/kim_ws/devel/include/gtsam/3rdparty/Eigen/Eigen/src/Core/util/Macros.h
-- Installing: /home/dominic/kim_ws/devel/include/gtsam/3rdparty/Eigen/Eigen/src/Core/util/BlasUtil.h
-- Installing: /home/dominic/kim_ws/devel/include/gtsam/3rdparty/Eigen/Eigen/src/Core/util/ForwardDeclarations.h
-- Installing: /home/dominic/kim_ws/devel/include/gtsam/3rdparty/Eigen/Eigen/src/Core/util/Constants.h
-- Installing: /home/dominic/kim_ws/devel/include/gtsam/3rdparty/Eigen/Eigen/src/Core/util/MKL_support.h
-- Installing: /home/dominic/kim_ws/devel/include/gtsam/3rdparty/Eigen/Eigen/src/Core/util/Meta.h
-- Installing: /home/dominic/kim_ws/devel/include/gtsam/3rdparty/Eigen/Eigen/src/Core/util/DisableStupidWarnings.h
-- Installing: /home/dominic/kim_ws/devel/include/gtsam/3rdparty/Eigen/Eigen/src/Core/util/XprHelper.h
-- Installing: /home/dominic/kim_ws/devel/include/gtsam/3rdparty/Eigen/Eigen/src/Core/util/StaticAssert.h
-- Installing: /home/dominic/kim_ws/devel/include/gtsam/3rdparty/Eigen/Eigen/src/Core/util/ReenableStupidWarnings.h
-- Installing: /home/dominic/kim_ws/devel/include/gtsam/3rdparty/Eigen/Eigen/src/Core/util/Memory.h
-- Installing: /home/dominic/kim_ws/devel/include/gtsam/3rdparty/Eigen/Eigen/src/Core/Transpositions.h
-- Installing: /home/dominic/kim_ws/devel/include/gtsam/3rdparty/Eigen/Eigen/src/Core/CwiseBinaryOp.h
-- Installing: /home/dominic/kim_ws/devel/include/gtsam/3rdparty/Eigen/Eigen/src/Core/CommaInitializer.h
-- Installing: /home/dominic/kim_ws/devel/include/gtsam/3rdparty/Eigen/Eigen/src/Core/EigenBase.h
-- Installing: /home/dominic/kim_ws/devel/include/gtsam/3rdparty/Eigen/Eigen/src/Core/Random.h
-- Installing: /home/dominic/kim_ws/devel/include/gtsam/3rdparty/Eigen/Eigen/src/Core/Dot.h
-- Installing: /home/dominic/kim_ws/devel/include/gtsam/3rdparty/Eigen/Eigen/src/Core/BandMatrix.h
-- Installing: /home/dominic/kim_ws/devel/include/gtsam/3rdparty/Eigen/Eigen/src/Core/DiagonalProduct.h
-- Installing: /home/dominic/kim_ws/devel/include/gtsam/3rdparty/Eigen/Eigen/src/Core/ConditionEstimator.h
-- Installing: /home/dominic/kim_ws/devel/include/gtsam/3rdparty/Eigen/Eigen/src/Core/Block.h
-- Installing: /home/dominic/kim_ws/devel/include/gtsam/3rdparty/Eigen/Eigen/src/Core/CoreIterators.h
-- Installing: /home/dominic/kim_ws/devel/include/gtsam/3rdparty/Eigen/Eigen/src/Core/AssignEvaluator.h
-- Installing: /home/dominic/kim_ws/devel/include/gtsam/3rdparty/Eigen/Eigen/src/Core/NumTraits.h
-- Installing: /home/dominic/kim_ws/devel/include/gtsam/3rdparty/Eigen/Eigen/src/Core/GlobalFunctions.h
-- Installing: /home/dominic/kim_ws/devel/include/gtsam/3rdparty/Eigen/Eigen/src/Core/Assign_MKL.h
-- Installing: /home/dominic/kim_ws/devel/include/gtsam/3rdparty/Eigen/Eigen/src/Core/DiagonalMatrix.h
-- Installing: /home/dominic/kim_ws/devel/include/gtsam/3rdparty/Eigen/Eigen/src/Core/CwiseTernaryOp.h
-- Installing: /home/dominic/kim_ws/devel/include/gtsam/3rdparty/Eigen/Eigen/src/Core/CoreEvaluators.h
-- Installing: /home/dominic/kim_ws/devel/include/gtsam/3rdparty/Eigen/Eigen/src/Core/ArrayWrapper.h
-- Installing: /home/dominic/kim_ws/devel/include/gtsam/3rdparty/Eigen/Eigen/src/Core/MathFunctions.h
-- Installing: /home/dominic/kim_ws/devel/include/gtsam/3rdparty/Eigen/Eigen/src/Core/Swap.h
-- Installing: /home/dominic/kim_ws/devel/include/gtsam/3rdparty/Eigen/Eigen/src/Core/MathFunctionsImpl.h
-- Installing: /home/dominic/kim_ws/devel/include/gtsam/3rdparty/Eigen/Eigen/src/Core/Replicate.h
-- Installing: /home/dominic/kim_ws/devel/include/gtsam/3rdparty/Eigen/Eigen/src/Core/Product.h
-- Installing: /home/dominic/kim_ws/devel/include/gtsam/3rdparty/Eigen/Eigen/src/Core/SolveTriangular.h
-- Installing: /home/dominic/kim_ws/devel/include/gtsam/3rdparty/Eigen/Eigen/src/Core/Ref.h
-- Installing: /home/dominic/kim_ws/devel/include/gtsam/3rdparty/Eigen/Eigen/src/Core/functors
-- Installing: /home/dominic/kim_ws/devel/include/gtsam/3rdparty/Eigen/Eigen/src/Core/functors/UnaryFunctors.h
-- Installing: /home/dominic/kim_ws/devel/include/gtsam/3rdparty/Eigen/Eigen/src/Core/functors/AssignmentFunctors.h
-- Installing: /home/dominic/kim_ws/devel/include/gtsam/3rdparty/Eigen/Eigen/src/Core/functors/TernaryFunctors.h
-- Installing: /home/dominic/kim_ws/devel/include/gtsam/3rdparty/Eigen/Eigen/src/Core/functors/BinaryFunctors.h
-- Installing: /home/dominic/kim_ws/devel/include/gtsam/3rdparty/Eigen/Eigen/src/Core/functors/StlFunctors.h
-- Installing: /home/dominic/kim_ws/devel/include/gtsam/3rdparty/Eigen/Eigen/src/Core/functors/NullaryFunctors.h
-- Installing: /home/dominic/kim_ws/devel/include/gtsam/3rdparty/Eigen/Eigen/src/Core/PlainObjectBase.h
-- Installing: /home/dominic/kim_ws/devel/include/gtsam/3rdparty/Eigen/Eigen/src/Core/arch
-- Installing: /home/dominic/kim_ws/devel/include/gtsam/3rdparty/Eigen/Eigen/src/Core/arch/ZVector
-- Installing: /home/dominic/kim_ws/devel/include/gtsam/3rdparty/Eigen/Eigen/src/Core/arch/ZVector/PacketMath.h
-- Installing: /home/dominic/kim_ws/devel/include/gtsam/3rdparty/Eigen/Eigen/src/Core/arch/ZVector/Complex.h
-- Installing: /home/dominic/kim_ws/devel/include/gtsam/3rdparty/Eigen/Eigen/src/Core/arch/ZVector/MathFunctions.h
-- Installing: /home/dominic/kim_ws/devel/include/gtsam/3rdparty/Eigen/Eigen/src/Core/arch/CUDA
-- Installing: /home/dominic/kim_ws/devel/include/gtsam/3rdparty/Eigen/Eigen/src/Core/arch/CUDA/PacketMath.h
-- Installing: /home/dominic/kim_ws/devel/include/gtsam/3rdparty/Eigen/Eigen/src/Core/arch/CUDA/Half.h
-- Installing: /home/dominic/kim_ws/devel/include/gtsam/3rdparty/Eigen/Eigen/src/Core/arch/CUDA/TypeCasting.h
-- Installing: /home/dominic/kim_ws/devel/include/gtsam/3rdparty/Eigen/Eigen/src/Core/arch/CUDA/Complex.h
-- Installing: /home/dominic/kim_ws/devel/include/gtsam/3rdparty/Eigen/Eigen/src/Core/arch/CUDA/MathFunctions.h
-- Installing: /home/dominic/kim_ws/devel/include/gtsam/3rdparty/Eigen/Eigen/src/Core/arch/CUDA/PacketMathHalf.h
-- Installing: /home/dominic/kim_ws/devel/include/gtsam/3rdparty/Eigen/Eigen/src/Core/arch/AVX512
-- Installing: /home/dominic/kim_ws/devel/include/gtsam/3rdparty/Eigen/Eigen/src/Core/arch/AVX512/PacketMath.h
-- Installing: /home/dominic/kim_ws/devel/include/gtsam/3rdparty/Eigen/Eigen/src/Core/arch/AVX512/MathFunctions.h
-- Installing: /home/dominic/kim_ws/devel/include/gtsam/3rdparty/Eigen/Eigen/src/Core/arch/Default
-- Installing: /home/dominic/kim_ws/devel/include/gtsam/3rdparty/Eigen/Eigen/src/Core/arch/Default/ConjHelper.h
-- Installing: /home/dominic/kim_ws/devel/include/gtsam/3rdparty/Eigen/Eigen/src/Core/arch/Default/Settings.h
-- Installing: /home/dominic/kim_ws/devel/include/gtsam/3rdparty/Eigen/Eigen/src/Core/arch/SSE
-- Installing: /home/dominic/kim_ws/devel/include/gtsam/3rdparty/Eigen/Eigen/src/Core/arch/SSE/PacketMath.h
-- Installing: /home/dominic/kim_ws/devel/include/gtsam/3rdparty/Eigen/Eigen/src/Core/arch/SSE/TypeCasting.h
-- Installing: /home/dominic/kim_ws/devel/include/gtsam/3rdparty/Eigen/Eigen/src/Core/arch/SSE/Complex.h
-- Installing: /home/dominic/kim_ws/devel/include/gtsam/3rdparty/Eigen/Eigen/src/Core/arch/SSE/MathFunctions.h
-- Installing: /home/dominic/kim_ws/devel/include/gtsam/3rdparty/Eigen/Eigen/src/Core/arch/AVX
-- Installing: /home/dominic/kim_ws/devel/include/gtsam/3rdparty/Eigen/Eigen/src/Core/arch/AVX/PacketMath.h
-- Installing: /home/dominic/kim_ws/devel/include/gtsam/3rdparty/Eigen/Eigen/src/Core/arch/AVX/TypeCasting.h
-- Installing: /home/dominic/kim_ws/devel/include/gtsam/3rdparty/Eigen/Eigen/src/Core/arch/AVX/Complex.h
-- Installing: /home/dominic/kim_ws/devel/include/gtsam/3rdparty/Eigen/Eigen/src/Core/arch/AVX/MathFunctions.h
-- Installing: /home/dominic/kim_ws/devel/include/gtsam/3rdparty/Eigen/Eigen/src/Core/arch/NEON
-- Installing: /home/dominic/kim_ws/devel/include/gtsam/3rdparty/Eigen/Eigen/src/Core/arch/NEON/PacketMath.h
-- Installing: /home/dominic/kim_ws/devel/include/gtsam/3rdparty/Eigen/Eigen/src/Core/arch/NEON/Complex.h
-- Installing: /home/dominic/kim_ws/devel/include/gtsam/3rdparty/Eigen/Eigen/src/Core/arch/NEON/MathFunctions.h
-- Installing: /home/dominic/kim_ws/devel/include/gtsam/3rdparty/Eigen/Eigen/src/Core/arch/AltiVec
-- Installing: /home/dominic/kim_ws/devel/include/gtsam/3rdparty/Eigen/Eigen/src/Core/arch/AltiVec/PacketMath.h
-- Installing: /home/dominic/kim_ws/devel/include/gtsam/3rdparty/Eigen/Eigen/src/Core/arch/AltiVec/Complex.h
-- Installing: /home/dominic/kim_ws/devel/include/gtsam/3rdparty/Eigen/Eigen/src/Core/arch/AltiVec/MathFunctions.h
-- Installing: /home/dominic/kim_ws/devel/include/gtsam/3rdparty/Eigen/Eigen/src/Core/DenseStorage.h
-- Installing: /home/dominic/kim_ws/devel/include/gtsam/3rdparty/Eigen/Eigen/src/Core/Redux.h
-- Installing: /home/dominic/kim_ws/devel/include/gtsam/3rdparty/Eigen/Eigen/src/Core/ProductEvaluators.h
-- Installing: /home/dominic/kim_ws/devel/include/gtsam/3rdparty/Eigen/Eigen/src/Core/CwiseUnaryView.h
-- Installing: /home/dominic/kim_ws/devel/include/gtsam/3rdparty/Eigen/Eigen/src/Core/CwiseUnaryOp.h
-- Installing: /home/dominic/kim_ws/devel/include/gtsam/3rdparty/Eigen/Eigen/src/Core/Fuzzy.h
-- Installing: /home/dominic/kim_ws/devel/include/gtsam/3rdparty/Eigen/Eigen/src/Core/SolverBase.h
-- Installing: /home/dominic/kim_ws/devel/include/gtsam/3rdparty/Eigen/Eigen/src/Core/Reverse.h
-- Installing: /home/dominic/kim_ws/devel/include/gtsam/3rdparty/Eigen/Eigen/src/Core/ArrayBase.h
-- Installing: /home/dominic/kim_ws/devel/include/gtsam/3rdparty/Eigen/Eigen/src/Core/Map.h
-- Installing: /home/dominic/kim_ws/devel/include/gtsam/3rdparty/Eigen/Eigen/src/Core/IO.h
-- Installing: /home/dominic/kim_ws/devel/include/gtsam/3rdparty/Eigen/Eigen/src/Core/PermutationMatrix.h
-- Installing: /home/dominic/kim_ws/devel/include/gtsam/3rdparty/Eigen/Eigen/src/Core/Select.h
-- Installing: /home/dominic/kim_ws/devel/include/gtsam/3rdparty/Eigen/Eigen/src/Core/VectorwiseOp.h
-- Installing: /home/dominic/kim_ws/devel/include/gtsam/3rdparty/Eigen/Eigen/src/Core/products
-- Installing: /home/dominic/kim_ws/devel/include/gtsam/3rdparty/Eigen/Eigen/src/Core/products/TriangularSolverMatrix_BLAS.h
-- Installing: /home/dominic/kim_ws/devel/include/gtsam/3rdparty/Eigen/Eigen/src/Core/products/GeneralMatrixVector.h
-- Installing: /home/dominic/kim_ws/devel/include/gtsam/3rdparty/Eigen/Eigen/src/Core/products/GeneralMatrixVector_BLAS.h
-- Installing: /home/dominic/kim_ws/devel/include/gtsam/3rdparty/Eigen/Eigen/src/Core/products/TriangularMatrixVector.h
-- Installing: /home/dominic/kim_ws/devel/include/gtsam/3rdparty/Eigen/Eigen/src/Core/products/SelfadjointMatrixMatrix_BLAS.h
-- Installing: /home/dominic/kim_ws/devel/include/gtsam/3rdparty/Eigen/Eigen/src/Core/products/SelfadjointMatrixVector.h
-- Installing: /home/dominic/kim_ws/devel/include/gtsam/3rdparty/Eigen/Eigen/src/Core/products/GeneralMatrixMatrix_BLAS.h
-- Installing: /home/dominic/kim_ws/devel/include/gtsam/3rdparty/Eigen/Eigen/src/Core/products/GeneralMatrixMatrixTriangular.h
-- Installing: /home/dominic/kim_ws/devel/include/gtsam/3rdparty/Eigen/Eigen/src/Core/products/TriangularMatrixVector_BLAS.h
-- Installing: /home/dominic/kim_ws/devel/include/gtsam/3rdparty/Eigen/Eigen/src/Core/products/SelfadjointMatrixVector_BLAS.h
-- Installing: /home/dominic/kim_ws/devel/include/gtsam/3rdparty/Eigen/Eigen/src/Core/products/TriangularMatrixMatrix.h
-- Installing: /home/dominic/kim_ws/devel/include/gtsam/3rdparty/Eigen/Eigen/src/Core/products/TriangularMatrixMatrix_BLAS.h
-- Installing: /home/dominic/kim_ws/devel/include/gtsam/3rdparty/Eigen/Eigen/src/Core/products/GeneralMatrixMatrix.h
-- Installing: /home/dominic/kim_ws/devel/include/gtsam/3rdparty/Eigen/Eigen/src/Core/products/SelfadjointMatrixMatrix.h
-- Installing: /home/dominic/kim_ws/devel/include/gtsam/3rdparty/Eigen/Eigen/src/Core/products/TriangularSolverVector.h
-- Installing: /home/dominic/kim_ws/devel/include/gtsam/3rdparty/Eigen/Eigen/src/Core/products/SelfadjointProduct.h
-- Installing: /home/dominic/kim_ws/devel/include/gtsam/3rdparty/Eigen/Eigen/src/Core/products/GeneralMatrixMatrixTriangular_BLAS.h
-- Installing: /home/dominic/kim_ws/devel/include/gtsam/3rdparty/Eigen/Eigen/src/Core/products/Parallelizer.h
-- Installing: /home/dominic/kim_ws/devel/include/gtsam/3rdparty/Eigen/Eigen/src/Core/products/GeneralBlockPanelKernel.h
-- Installing: /home/dominic/kim_ws/devel/include/gtsam/3rdparty/Eigen/Eigen/src/Core/products/SelfadjointRank2Update.h
-- Installing: /home/dominic/kim_ws/devel/include/gtsam/3rdparty/Eigen/Eigen/src/Core/products/TriangularSolverMatrix.h
-- Installing: /home/dominic/kim_ws/devel/include/gtsam/3rdparty/Eigen/Eigen/src/Core/CwiseNullaryOp.h
-- Installing: /home/dominic/kim_ws/devel/include/gtsam/3rdparty/Eigen/Eigen/src/Core/GenericPacketMath.h
-- Installing: /home/dominic/kim_ws/devel/include/gtsam/3rdparty/Eigen/Eigen/src/Core/VectorBlock.h
-- Installing: /home/dominic/kim_ws/devel/include/gtsam/3rdparty/Eigen/Eigen/src/Core/MapBase.h
-- Installing: /home/dominic/kim_ws/devel/include/gtsam/3rdparty/Eigen/Eigen/src/Core/Array.h
-- Installing: /home/dominic/kim_ws/devel/include/gtsam/3rdparty/Eigen/Eigen/src/Core/DenseCoeffsBase.h
-- Installing: /home/dominic/kim_ws/devel/include/gtsam/3rdparty/Eigen/Eigen/src/Core/Inverse.h
-- Installing: /home/dominic/kim_ws/devel/include/gtsam/3rdparty/Eigen/Eigen/src/Core/Visitor.h
-- Installing: /home/dominic/kim_ws/devel/include/gtsam/3rdparty/Eigen/Eigen/src/Core/Diagonal.h
-- Installing: /home/dominic/kim_ws/devel/include/gtsam/3rdparty/Eigen/Eigen/src/Core/Assign.h
-- Installing: /home/dominic/kim_ws/devel/include/gtsam/3rdparty/Eigen/Eigen/src/Core/MatrixBase.h
-- Installing: /home/dominic/kim_ws/devel/include/gtsam/3rdparty/Eigen/Eigen/src/StlSupport
-- Installing: /home/dominic/kim_ws/devel/include/gtsam/3rdparty/Eigen/Eigen/src/StlSupport/StdVector.h
-- Installing: /home/dominic/kim_ws/devel/include/gtsam/3rdparty/Eigen/Eigen/src/StlSupport/StdDeque.h
-- Installing: /home/dominic/kim_ws/devel/include/gtsam/3rdparty/Eigen/Eigen/src/StlSupport/details.h
-- Installing: /home/dominic/kim_ws/devel/include/gtsam/3rdparty/Eigen/Eigen/src/StlSupport/StdList.h
-- Installing: /home/dominic/kim_ws/devel/include/gtsam/3rdparty/Eigen/Eigen/src/Cholesky
-- Installing: /home/dominic/kim_ws/devel/include/gtsam/3rdparty/Eigen/Eigen/src/Cholesky/LLT.h
-- Installing: /home/dominic/kim_ws/devel/include/gtsam/3rdparty/Eigen/Eigen/src/Cholesky/LDLT.h
-- Installing: /home/dominic/kim_ws/devel/include/gtsam/3rdparty/Eigen/Eigen/src/Cholesky/LLT_LAPACKE.h
-- Installing: /home/dominic/kim_ws/devel/include/gtsam/3rdparty/Eigen/Eigen/src/Eigenvalues
-- Installing: /home/dominic/kim_ws/devel/include/gtsam/3rdparty/Eigen/Eigen/src/Eigenvalues/SelfAdjointEigenSolver.h
-- Installing: /home/dominic/kim_ws/devel/include/gtsam/3rdparty/Eigen/Eigen/src/Eigenvalues/ComplexSchur_LAPACKE.h
-- Installing: /home/dominic/kim_ws/devel/include/gtsam/3rdparty/Eigen/Eigen/src/Eigenvalues/HessenbergDecomposition.h
-- Installing: /home/dominic/kim_ws/devel/include/gtsam/3rdparty/Eigen/Eigen/src/Eigenvalues/GeneralizedSelfAdjointEigenSolver.h
-- Installing: /home/dominic/kim_ws/devel/include/gtsam/3rdparty/Eigen/Eigen/src/Eigenvalues/ComplexSchur.h
-- Installing: /home/dominic/kim_ws/devel/include/gtsam/3rdparty/Eigen/Eigen/src/Eigenvalues/GeneralizedEigenSolver.h
-- Installing: /home/dominic/kim_ws/devel/include/gtsam/3rdparty/Eigen/Eigen/src/Eigenvalues/ComplexEigenSolver.h
-- Installing: /home/dominic/kim_ws/devel/include/gtsam/3rdparty/Eigen/Eigen/src/Eigenvalues/SelfAdjointEigenSolver_LAPACKE.h
-- Installing: /home/dominic/kim_ws/devel/include/gtsam/3rdparty/Eigen/Eigen/src/Eigenvalues/EigenSolver.h
-- Installing: /home/dominic/kim_ws/devel/include/gtsam/3rdparty/Eigen/Eigen/src/Eigenvalues/RealQZ.h
-- Installing: /home/dominic/kim_ws/devel/include/gtsam/3rdparty/Eigen/Eigen/src/Eigenvalues/Tridiagonalization.h
-- Installing: /home/dominic/kim_ws/devel/include/gtsam/3rdparty/Eigen/Eigen/src/Eigenvalues/RealSchur.h
-- Installing: /home/dominic/kim_ws/devel/include/gtsam/3rdparty/Eigen/Eigen/src/Eigenvalues/MatrixBaseEigenvalues.h
-- Installing: /home/dominic/kim_ws/devel/include/gtsam/3rdparty/Eigen/Eigen/src/Eigenvalues/RealSchur_LAPACKE.h
-- Installing: /home/dominic/kim_ws/devel/include/gtsam/3rdparty/Eigen/Eigen/src/Geometry
-- Installing: /home/dominic/kim_ws/devel/include/gtsam/3rdparty/Eigen/Eigen/src/Geometry/OrthoMethods.h
-- Installing: /home/dominic/kim_ws/devel/include/gtsam/3rdparty/Eigen/Eigen/src/Geometry/Quaternion.h
-- Installing: /home/dominic/kim_ws/devel/include/gtsam/3rdparty/Eigen/Eigen/src/Geometry/Hyperplane.h
-- Installing: /home/dominic/kim_ws/devel/include/gtsam/3rdparty/Eigen/Eigen/src/Geometry/Homogeneous.h
-- Installing: /home/dominic/kim_ws/devel/include/gtsam/3rdparty/Eigen/Eigen/src/Geometry/Rotation2D.h
-- Installing: /home/dominic/kim_ws/devel/include/gtsam/3rdparty/Eigen/Eigen/src/Geometry/arch
-- Installing: /home/dominic/kim_ws/devel/include/gtsam/3rdparty/Eigen/Eigen/src/Geometry/arch/Geometry_SSE.h
-- Installing: /home/dominic/kim_ws/devel/include/gtsam/3rdparty/Eigen/Eigen/src/Geometry/Translation.h
-- Installing: /home/dominic/kim_ws/devel/include/gtsam/3rdparty/Eigen/Eigen/src/Geometry/AlignedBox.h
-- Installing: /home/dominic/kim_ws/devel/include/gtsam/3rdparty/Eigen/Eigen/src/Geometry/RotationBase.h
-- Installing: /home/dominic/kim_ws/devel/include/gtsam/3rdparty/Eigen/Eigen/src/Geometry/EulerAngles.h
-- Installing: /home/dominic/kim_ws/devel/include/gtsam/3rdparty/Eigen/Eigen/src/Geometry/ParametrizedLine.h
-- Installing: /home/dominic/kim_ws/devel/include/gtsam/3rdparty/Eigen/Eigen/src/Geometry/Umeyama.h
-- Installing: /home/dominic/kim_ws/devel/include/gtsam/3rdparty/Eigen/Eigen/src/Geometry/Scaling.h
-- Installing: /home/dominic/kim_ws/devel/include/gtsam/3rdparty/Eigen/Eigen/src/Geometry/AngleAxis.h
-- Installing: /home/dominic/kim_ws/devel/include/gtsam/3rdparty/Eigen/Eigen/src/Geometry/Transform.h
-- Installing: /home/dominic/kim_ws/devel/include/gtsam/3rdparty/Eigen/Eigen/src/SparseCholesky
-- Installing: /home/dominic/kim_ws/devel/include/gtsam/3rdparty/Eigen/Eigen/src/SparseCholesky/SimplicialCholesky_impl.h
-- Installing: /home/dominic/kim_ws/devel/include/gtsam/3rdparty/Eigen/Eigen/src/SparseCholesky/SimplicialCholesky.h
-- Installing: /home/dominic/kim_ws/devel/include/gtsam/3rdparty/Eigen/Eigen/src/plugins
-- Installing: /home/dominic/kim_ws/devel/include/gtsam/3rdparty/Eigen/Eigen/src/plugins/CommonCwiseBinaryOps.h
-- Installing: /home/dominic/kim_ws/devel/include/gtsam/3rdparty/Eigen/Eigen/src/plugins/ArrayCwiseUnaryOps.h
-- Installing: /home/dominic/kim_ws/devel/include/gtsam/3rdparty/Eigen/Eigen/src/plugins/CommonCwiseUnaryOps.h
-- Installing: /home/dominic/kim_ws/devel/include/gtsam/3rdparty/Eigen/Eigen/src/plugins/MatrixCwiseUnaryOps.h
-- Installing: /home/dominic/kim_ws/devel/include/gtsam/3rdparty/Eigen/Eigen/src/plugins/ArrayCwiseBinaryOps.h
-- Installing: /home/dominic/kim_ws/devel/include/gtsam/3rdparty/Eigen/Eigen/src/plugins/BlockMethods.h
-- Installing: /home/dominic/kim_ws/devel/include/gtsam/3rdparty/Eigen/Eigen/src/plugins/MatrixCwiseBinaryOps.h
-- Installing: /home/dominic/kim_ws/devel/include/gtsam/3rdparty/Eigen/Eigen/src/LU
-- Installing: /home/dominic/kim_ws/devel/include/gtsam/3rdparty/Eigen/Eigen/src/LU/PartialPivLU_LAPACKE.h
-- Installing: /home/dominic/kim_ws/devel/include/gtsam/3rdparty/Eigen/Eigen/src/LU/PartialPivLU.h
-- Installing: /home/dominic/kim_ws/devel/include/gtsam/3rdparty/Eigen/Eigen/src/LU/arch
-- Installing: /home/dominic/kim_ws/devel/include/gtsam/3rdparty/Eigen/Eigen/src/LU/arch/Inverse_SSE.h
-- Installing: /home/dominic/kim_ws/devel/include/gtsam/3rdparty/Eigen/Eigen/src/LU/FullPivLU.h
-- Installing: /home/dominic/kim_ws/devel/include/gtsam/3rdparty/Eigen/Eigen/src/LU/Determinant.h
-- Installing: /home/dominic/kim_ws/devel/include/gtsam/3rdparty/Eigen/Eigen/src/LU/InverseImpl.h
-- Installing: /home/dominic/kim_ws/devel/include/gtsam/3rdparty/Eigen/Eigen/src/misc
-- Installing: /home/dominic/kim_ws/devel/include/gtsam/3rdparty/Eigen/Eigen/src/misc/lapacke_mangling.h
-- Installing: /home/dominic/kim_ws/devel/include/gtsam/3rdparty/Eigen/Eigen/src/misc/RealSvd2x2.h
-- Installing: /home/dominic/kim_ws/devel/include/gtsam/3rdparty/Eigen/Eigen/src/misc/lapack.h
-- Installing: /home/dominic/kim_ws/devel/include/gtsam/3rdparty/Eigen/Eigen/src/misc/blas.h
-- Installing: /home/dominic/kim_ws/devel/include/gtsam/3rdparty/Eigen/Eigen/src/misc/Kernel.h
-- Installing: /home/dominic/kim_ws/devel/include/gtsam/3rdparty/Eigen/Eigen/src/misc/Image.h
-- Installing: /home/dominic/kim_ws/devel/include/gtsam/3rdparty/Eigen/Eigen/src/misc/lapacke.h
-- Installing: /home/dominic/kim_ws/devel/include/gtsam/3rdparty/Eigen/Eigen/src/OrderingMethods
-- Installing: /home/dominic/kim_ws/devel/include/gtsam/3rdparty/Eigen/Eigen/src/OrderingMethods/Amd.h
-- Installing: /home/dominic/kim_ws/devel/include/gtsam/3rdparty/Eigen/Eigen/src/OrderingMethods/Eigen_Colamd.h
-- Installing: /home/dominic/kim_ws/devel/include/gtsam/3rdparty/Eigen/Eigen/src/OrderingMethods/Ordering.h
-- Installing: /home/dominic/kim_ws/devel/include/gtsam/3rdparty/Eigen/Eigen/src/CholmodSupport
-- Installing: /home/dominic/kim_ws/devel/include/gtsam/3rdparty/Eigen/Eigen/src/CholmodSupport/CholmodSupport.h
-- Installing: /home/dominic/kim_ws/devel/include/gtsam/3rdparty/Eigen/Eigen/src/SparseCore
-- Installing: /home/dominic/kim_ws/devel/include/gtsam/3rdparty/Eigen/Eigen/src/SparseCore/SparseDenseProduct.h
-- Installing: /home/dominic/kim_ws/devel/include/gtsam/3rdparty/Eigen/Eigen/src/SparseCore/MappedSparseMatrix.h
-- Installing: /home/dominic/kim_ws/devel/include/gtsam/3rdparty/Eigen/Eigen/src/SparseCore/SparsePermutation.h
-- Installing: /home/dominic/kim_ws/devel/include/gtsam/3rdparty/Eigen/Eigen/src/SparseCore/SparseAssign.h
-- Installing: /home/dominic/kim_ws/devel/include/gtsam/3rdparty/Eigen/Eigen/src/SparseCore/SparseMap.h
-- Installing: /home/dominic/kim_ws/devel/include/gtsam/3rdparty/Eigen/Eigen/src/SparseCore/SparseCompressedBase.h
-- Installing: /home/dominic/kim_ws/devel/include/gtsam/3rdparty/Eigen/Eigen/src/SparseCore/SparseTranspose.h
-- Installing: /home/dominic/kim_ws/devel/include/gtsam/3rdparty/Eigen/Eigen/src/SparseCore/SparseRedux.h
-- Installing: /home/dominic/kim_ws/devel/include/gtsam/3rdparty/Eigen/Eigen/src/SparseCore/SparseMatrix.h
-- Installing: /home/dominic/kim_ws/devel/include/gtsam/3rdparty/Eigen/Eigen/src/SparseCore/SparseMatrixBase.h
-- Installing: /home/dominic/kim_ws/devel/include/gtsam/3rdparty/Eigen/Eigen/src/SparseCore/SparseDot.h
-- Installing: /home/dominic/kim_ws/devel/include/gtsam/3rdparty/Eigen/Eigen/src/SparseCore/SparseCwiseUnaryOp.h
-- Installing: /home/dominic/kim_ws/devel/include/gtsam/3rdparty/Eigen/Eigen/src/SparseCore/AmbiVector.h
-- Installing: /home/dominic/kim_ws/devel/include/gtsam/3rdparty/Eigen/Eigen/src/SparseCore/ConservativeSparseSparseProduct.h
-- Installing: /home/dominic/kim_ws/devel/include/gtsam/3rdparty/Eigen/Eigen/src/SparseCore/SparseFuzzy.h
-- Installing: /home/dominic/kim_ws/devel/include/gtsam/3rdparty/Eigen/Eigen/src/SparseCore/SparseSolverBase.h
-- Installing: /home/dominic/kim_ws/devel/include/gtsam/3rdparty/Eigen/Eigen/src/SparseCore/SparseBlock.h
-- Installing: /home/dominic/kim_ws/devel/include/gtsam/3rdparty/Eigen/Eigen/src/SparseCore/SparseDiagonalProduct.h
-- Installing: /home/dominic/kim_ws/devel/include/gtsam/3rdparty/Eigen/Eigen/src/SparseCore/SparseColEtree.h
-- Installing: /home/dominic/kim_ws/devel/include/gtsam/3rdparty/Eigen/Eigen/src/SparseCore/TriangularSolver.h
-- Installing: /home/dominic/kim_ws/devel/include/gtsam/3rdparty/Eigen/Eigen/src/SparseCore/SparseUtil.h
-- Installing: /home/dominic/kim_ws/devel/include/gtsam/3rdparty/Eigen/Eigen/src/SparseCore/CompressedStorage.h
-- Installing: /home/dominic/kim_ws/devel/include/gtsam/3rdparty/Eigen/Eigen/src/SparseCore/SparseProduct.h
-- Installing: /home/dominic/kim_ws/devel/include/gtsam/3rdparty/Eigen/Eigen/src/SparseCore/SparseVector.h
-- Installing: /home/dominic/kim_ws/devel/include/gtsam/3rdparty/Eigen/Eigen/src/SparseCore/SparseSparseProductWithPruning.h
-- Installing: /home/dominic/kim_ws/devel/include/gtsam/3rdparty/Eigen/Eigen/src/SparseCore/SparseView.h
-- Installing: /home/dominic/kim_ws/devel/include/gtsam/3rdparty/Eigen/Eigen/src/SparseCore/SparseRef.h
-- Installing: /home/dominic/kim_ws/devel/include/gtsam/3rdparty/Eigen/Eigen/src/SparseCore/SparseSelfAdjointView.h
-- Installing: /home/dominic/kim_ws/devel/include/gtsam/3rdparty/Eigen/Eigen/src/SparseCore/SparseTriangularView.h
-- Installing: /home/dominic/kim_ws/devel/include/gtsam/3rdparty/Eigen/Eigen/src/SparseCore/SparseCwiseBinaryOp.h
-- Installing: /home/dominic/kim_ws/devel/include/gtsam/3rdparty/Eigen/Eigen/src/SuperLUSupport
-- Installing: /home/dominic/kim_ws/devel/include/gtsam/3rdparty/Eigen/Eigen/src/SuperLUSupport/SuperLUSupport.h
-- Installing: /home/dominic/kim_ws/devel/include/gtsam/3rdparty/Eigen/Eigen/src/MetisSupport
-- Installing: /home/dominic/kim_ws/devel/include/gtsam/3rdparty/Eigen/Eigen/src/MetisSupport/MetisSupport.h
-- Installing: /home/dominic/kim_ws/devel/include/gtsam/3rdparty/Eigen/Eigen/src/PardisoSupport
-- Installing: /home/dominic/kim_ws/devel/include/gtsam/3rdparty/Eigen/Eigen/src/PardisoSupport/PardisoSupport.h
-- Installing: /home/dominic/kim_ws/devel/include/gtsam/3rdparty/Eigen/Eigen/src/SVD
-- Installing: /home/dominic/kim_ws/devel/include/gtsam/3rdparty/Eigen/Eigen/src/SVD/UpperBidiagonalization.h
-- Installing: /home/dominic/kim_ws/devel/include/gtsam/3rdparty/Eigen/Eigen/src/SVD/SVDBase.h
-- Installing: /home/dominic/kim_ws/devel/include/gtsam/3rdparty/Eigen/Eigen/src/SVD/JacobiSVD.h
-- Installing: /home/dominic/kim_ws/devel/include/gtsam/3rdparty/Eigen/Eigen/src/SVD/BDCSVD.h
-- Installing: /home/dominic/kim_ws/devel/include/gtsam/3rdparty/Eigen/Eigen/src/SVD/JacobiSVD_LAPACKE.h
-- Installing: /home/dominic/kim_ws/devel/include/gtsam/3rdparty/Eigen/Eigen/src/SPQRSupport
-- Installing: /home/dominic/kim_ws/devel/include/gtsam/3rdparty/Eigen/Eigen/src/SPQRSupport/SuiteSparseQRSupport.h
-- Installing: /home/dominic/kim_ws/devel/include/gtsam/3rdparty/Eigen/Eigen/src/IterativeLinearSolvers
-- Installing: /home/dominic/kim_ws/devel/include/gtsam/3rdparty/Eigen/Eigen/src/IterativeLinearSolvers/SolveWithGuess.h
-- Installing: /home/dominic/kim_ws/devel/include/gtsam/3rdparty/Eigen/Eigen/src/IterativeLinearSolvers/IncompleteLUT.h
-- Installing: /home/dominic/kim_ws/devel/include/gtsam/3rdparty/Eigen/Eigen/src/IterativeLinearSolvers/IterativeSolverBase.h
-- Installing: /home/dominic/kim_ws/devel/include/gtsam/3rdparty/Eigen/Eigen/src/IterativeLinearSolvers/LeastSquareConjugateGradient.h
-- Installing: /home/dominic/kim_ws/devel/include/gtsam/3rdparty/Eigen/Eigen/src/IterativeLinearSolvers/ConjugateGradient.h
-- Installing: /home/dominic/kim_ws/devel/include/gtsam/3rdparty/Eigen/Eigen/src/IterativeLinearSolvers/BasicPreconditioners.h
-- Installing: /home/dominic/kim_ws/devel/include/gtsam/3rdparty/Eigen/Eigen/src/IterativeLinearSolvers/IncompleteCholesky.h
-- Installing: /home/dominic/kim_ws/devel/include/gtsam/3rdparty/Eigen/Eigen/src/IterativeLinearSolvers/BiCGSTAB.h
-- Installing: /home/dominic/kim_ws/devel/include/gtsam/3rdparty/Eigen/Eigen/src/SparseQR
-- Installing: /home/dominic/kim_ws/devel/include/gtsam/3rdparty/Eigen/Eigen/src/SparseQR/SparseQR.h
-- Installing: /home/dominic/kim_ws/devel/include/gtsam/3rdparty/metis/metis.h
-- Installing: /home/dominic/kim_ws/devel/lib/libmetis.so
-- Installing: /home/dominic/kim_ws/devel/include/gtsam/3rdparty/ceres/autodiff.h
-- Installing: /home/dominic/kim_ws/devel/include/gtsam/3rdparty/ceres/eigen.h
-- Installing: /home/dominic/kim_ws/devel/include/gtsam/3rdparty/ceres/example.h
-- Installing: /home/dominic/kim_ws/devel/include/gtsam/3rdparty/ceres/fixed_array.h
-- Installing: /home/dominic/kim_ws/devel/include/gtsam/3rdparty/ceres/fpclassify.h
-- Installing: /home/dominic/kim_ws/devel/include/gtsam/3rdparty/ceres/jet.h
-- Installing: /home/dominic/kim_ws/devel/include/gtsam/3rdparty/ceres/macros.h
-- Installing: /home/dominic/kim_ws/devel/include/gtsam/3rdparty/ceres/manual_constructor.h
-- Installing: /home/dominic/kim_ws/devel/include/gtsam/3rdparty/ceres/rotation.h
-- Installing: /home/dominic/kim_ws/devel/include/gtsam/3rdparty/ceres/variadic_evaluate.h
-- Installing: /home/dominic/kim_ws/devel/include/gtsam/base/ConcurrentMap.h
-- Installing: /home/dominic/kim_ws/devel/include/gtsam/base/DSFMap.h
-- Installing: /home/dominic/kim_ws/devel/include/gtsam/base/DSFVector.h
-- Installing: /home/dominic/kim_ws/devel/include/gtsam/base/FastDefaultAllocator.h
-- Installing: /home/dominic/kim_ws/devel/include/gtsam/base/FastList.h
-- Installing: /home/dominic/kim_ws/devel/include/gtsam/base/FastMap.h
-- Installing: /home/dominic/kim_ws/devel/include/gtsam/base/FastSet.h
-- Installing: /home/dominic/kim_ws/devel/include/gtsam/base/FastVector.h
-- Installing: /home/dominic/kim_ws/devel/include/gtsam/base/GenericValue.h
-- Installing: /home/dominic/kim_ws/devel/include/gtsam/base/Group.h
-- Installing: /home/dominic/kim_ws/devel/include/gtsam/base/Lie.h
-- Installing: /home/dominic/kim_ws/devel/include/gtsam/base/LieMatrix.h
-- Installing: /home/dominic/kim_ws/devel/include/gtsam/base/LieScalar.h
-- Installing: /home/dominic/kim_ws/devel/include/gtsam/base/LieVector.h
-- Installing: /home/dominic/kim_ws/devel/include/gtsam/base/Manifold.h
-- Installing: /home/dominic/kim_ws/devel/include/gtsam/base/Matrix.h
-- Installing: /home/dominic/kim_ws/devel/include/gtsam/base/OptionalJacobian.h
-- Installing: /home/dominic/kim_ws/devel/include/gtsam/base/ProductLieGroup.h
-- Installing: /home/dominic/kim_ws/devel/include/gtsam/base/SymmetricBlockMatrix.h
-- Installing: /home/dominic/kim_ws/devel/include/gtsam/base/Testable.h
-- Installing: /home/dominic/kim_ws/devel/include/gtsam/base/TestableAssertions.h
-- Installing: /home/dominic/kim_ws/devel/include/gtsam/base/ThreadsafeException.h
-- Installing: /home/dominic/kim_ws/devel/include/gtsam/base/Value.h
-- Installing: /home/dominic/kim_ws/devel/include/gtsam/base/Vector.h
-- Installing: /home/dominic/kim_ws/devel/include/gtsam/base/VectorSpace.h
-- Installing: /home/dominic/kim_ws/devel/include/gtsam/base/VerticalBlockMatrix.h
-- Installing: /home/dominic/kim_ws/devel/include/gtsam/base/WeightedSampler.h
-- Installing: /home/dominic/kim_ws/devel/include/gtsam/base/chartTesting.h
-- Installing: /home/dominic/kim_ws/devel/include/gtsam/base/cholesky.h
-- Installing: /home/dominic/kim_ws/devel/include/gtsam/base/concepts.h
-- Installing: /home/dominic/kim_ws/devel/include/gtsam/base/debug.h
-- Installing: /home/dominic/kim_ws/devel/include/gtsam/base/lieProxies.h
-- Installing: /home/dominic/kim_ws/devel/include/gtsam/base/numericalDerivative.h
-- Installing: /home/dominic/kim_ws/devel/include/gtsam/base/serialization.h
-- Installing: /home/dominic/kim_ws/devel/include/gtsam/base/serializationTestHelpers.h
-- Installing: /home/dominic/kim_ws/devel/include/gtsam/base/testLie.h
-- Installing: /home/dominic/kim_ws/devel/include/gtsam/base/timing.h
-- Installing: /home/dominic/kim_ws/devel/include/gtsam/base/treeTraversal-inst.h
-- Installing: /home/dominic/kim_ws/devel/include/gtsam/base/types.h
-- Installing: /home/dominic/kim_ws/devel/include/gtsam/base/treeTraversal/parallelTraversalTasks.h
-- Installing: /home/dominic/kim_ws/devel/include/gtsam/base/treeTraversal/statistics.h
-- Installing: /home/dominic/kim_ws/devel/include/gtsam/base/deprecated/LieMatrix.h
-- Installing: /home/dominic/kim_ws/devel/include/gtsam/base/deprecated/LieScalar.h
-- Installing: /home/dominic/kim_ws/devel/include/gtsam/base/deprecated/LieVector.h
-- Installing: /home/dominic/kim_ws/devel/include/gtsam/geometry/BearingRange.h
-- Installing: /home/dominic/kim_ws/devel/include/gtsam/geometry/Cal3Bundler.h
-- Installing: /home/dominic/kim_ws/devel/include/gtsam/geometry/Cal3DS2.h
-- Installing: /home/dominic/kim_ws/devel/include/gtsam/geometry/Cal3DS2_Base.h
-- Installing: /home/dominic/kim_ws/devel/include/gtsam/geometry/Cal3Unified.h
-- Installing: /home/dominic/kim_ws/devel/include/gtsam/geometry/Cal3_S2.h
-- Installing: /home/dominic/kim_ws/devel/include/gtsam/geometry/Cal3_S2Stereo.h
-- Installing: /home/dominic/kim_ws/devel/include/gtsam/geometry/CalibratedCamera.h
-- Installing: /home/dominic/kim_ws/devel/include/gtsam/geometry/CameraSet.h
-- Installing: /home/dominic/kim_ws/devel/include/gtsam/geometry/Cyclic.h
-- Installing: /home/dominic/kim_ws/devel/include/gtsam/geometry/EssentialMatrix.h
-- Installing: /home/dominic/kim_ws/devel/include/gtsam/geometry/OrientedPlane3.h
-- Installing: /home/dominic/kim_ws/devel/include/gtsam/geometry/PinholeCamera.h
-- Installing: /home/dominic/kim_ws/devel/include/gtsam/geometry/PinholePose.h
-- Installing: /home/dominic/kim_ws/devel/include/gtsam/geometry/PinholeSet.h
-- Installing: /home/dominic/kim_ws/devel/include/gtsam/geometry/Point2.h
-- Installing: /home/dominic/kim_ws/devel/include/gtsam/geometry/Point3.h
-- Installing: /home/dominic/kim_ws/devel/include/gtsam/geometry/Pose2.h
-- Installing: /home/dominic/kim_ws/devel/include/gtsam/geometry/Pose3.h
-- Installing: /home/dominic/kim_ws/devel/include/gtsam/geometry/Quaternion.h
-- Installing: /home/dominic/kim_ws/devel/include/gtsam/geometry/Rot2.h
-- Installing: /home/dominic/kim_ws/devel/include/gtsam/geometry/Rot3.h
-- Installing: /home/dominic/kim_ws/devel/include/gtsam/geometry/SO3.h
-- Installing: /home/dominic/kim_ws/devel/include/gtsam/geometry/SO4.h
-- Installing: /home/dominic/kim_ws/devel/include/gtsam/geometry/SOn-inl.h
-- Installing: /home/dominic/kim_ws/devel/include/gtsam/geometry/SOn.h
-- Installing: /home/dominic/kim_ws/devel/include/gtsam/geometry/SimpleCamera.h
-- Installing: /home/dominic/kim_ws/devel/include/gtsam/geometry/StereoCamera.h
-- Installing: /home/dominic/kim_ws/devel/include/gtsam/geometry/StereoPoint2.h
-- Installing: /home/dominic/kim_ws/devel/include/gtsam/geometry/Unit3.h
-- Installing: /home/dominic/kim_ws/devel/include/gtsam/geometry/concepts.h
-- Installing: /home/dominic/kim_ws/devel/include/gtsam/geometry/triangulation.h
-- Installing: /home/dominic/kim_ws/devel/include/gtsam/inference/BayesNet-inst.h
-- Installing: /home/dominic/kim_ws/devel/include/gtsam/inference/BayesNet.h
-- Installing: /home/dominic/kim_ws/devel/include/gtsam/inference/BayesTree-inst.h
-- Installing: /home/dominic/kim_ws/devel/include/gtsam/inference/BayesTree.h
-- Installing: /home/dominic/kim_ws/devel/include/gtsam/inference/BayesTreeCliqueBase-inst.h
-- Installing: /home/dominic/kim_ws/devel/include/gtsam/inference/BayesTreeCliqueBase.h
-- Installing: /home/dominic/kim_ws/devel/include/gtsam/inference/ClusterTree-inst.h
-- Installing: /home/dominic/kim_ws/devel/include/gtsam/inference/ClusterTree.h
-- Installing: /home/dominic/kim_ws/devel/include/gtsam/inference/Conditional-inst.h
-- Installing: /home/dominic/kim_ws/devel/include/gtsam/inference/Conditional.h
-- Installing: /home/dominic/kim_ws/devel/include/gtsam/inference/EliminateableFactorGraph-inst.h
-- Installing: /home/dominic/kim_ws/devel/include/gtsam/inference/EliminateableFactorGraph.h
-- Installing: /home/dominic/kim_ws/devel/include/gtsam/inference/EliminationTree-inst.h
-- Installing: /home/dominic/kim_ws/devel/include/gtsam/inference/EliminationTree.h
-- Installing: /home/dominic/kim_ws/devel/include/gtsam/inference/Factor.h
-- Installing: /home/dominic/kim_ws/devel/include/gtsam/inference/FactorGraph-inst.h
-- Installing: /home/dominic/kim_ws/devel/include/gtsam/inference/FactorGraph.h
-- Installing: /home/dominic/kim_ws/devel/include/gtsam/inference/ISAM-inst.h
-- Installing: /home/dominic/kim_ws/devel/include/gtsam/inference/ISAM.h
-- Installing: /home/dominic/kim_ws/devel/include/gtsam/inference/JunctionTree-inst.h
-- Installing: /home/dominic/kim_ws/devel/include/gtsam/inference/JunctionTree.h
-- Installing: /home/dominic/kim_ws/devel/include/gtsam/inference/Key.h
-- Installing: /home/dominic/kim_ws/devel/include/gtsam/inference/LabeledSymbol.h
-- Installing: /home/dominic/kim_ws/devel/include/gtsam/inference/MetisIndex-inl.h
-- Installing: /home/dominic/kim_ws/devel/include/gtsam/inference/MetisIndex.h
-- Installing: /home/dominic/kim_ws/devel/include/gtsam/inference/Ordering.h
-- Installing: /home/dominic/kim_ws/devel/include/gtsam/inference/Symbol.h
-- Installing: /home/dominic/kim_ws/devel/include/gtsam/inference/VariableIndex-inl.h
-- Installing: /home/dominic/kim_ws/devel/include/gtsam/inference/VariableIndex.h
-- Installing: /home/dominic/kim_ws/devel/include/gtsam/inference/VariableSlots.h
-- Installing: /home/dominic/kim_ws/devel/include/gtsam/inference/graph-inl.h
-- Installing: /home/dominic/kim_ws/devel/include/gtsam/inference/graph.h
-- Installing: /home/dominic/kim_ws/devel/include/gtsam/inference/inference-inst.h
-- Installing: /home/dominic/kim_ws/devel/include/gtsam/inference/inferenceExceptions.h
-- Installing: /home/dominic/kim_ws/devel/include/gtsam/symbolic/SymbolicBayesNet.h
-- Installing: /home/dominic/kim_ws/devel/include/gtsam/symbolic/SymbolicBayesTree.h
-- Installing: /home/dominic/kim_ws/devel/include/gtsam/symbolic/SymbolicConditional.h
-- Installing: /home/dominic/kim_ws/devel/include/gtsam/symbolic/SymbolicEliminationTree.h
-- Installing: /home/dominic/kim_ws/devel/include/gtsam/symbolic/SymbolicFactor-inst.h
-- Installing: /home/dominic/kim_ws/devel/include/gtsam/symbolic/SymbolicFactor.h
-- Installing: /home/dominic/kim_ws/devel/include/gtsam/symbolic/SymbolicFactorGraph.h
-- Installing: /home/dominic/kim_ws/devel/include/gtsam/symbolic/SymbolicISAM.h
-- Installing: /home/dominic/kim_ws/devel/include/gtsam/symbolic/SymbolicJunctionTree.h
-- Installing: /home/dominic/kim_ws/devel/include/gtsam/discrete/AlgebraicDecisionTree.h
-- Installing: /home/dominic/kim_ws/devel/include/gtsam/discrete/Assignment.h
-- Installing: /home/dominic/kim_ws/devel/include/gtsam/discrete/DecisionTree-inl.h
-- Installing: /home/dominic/kim_ws/devel/include/gtsam/discrete/DecisionTree.h
-- Installing: /home/dominic/kim_ws/devel/include/gtsam/discrete/DecisionTreeFactor.h
-- Installing: /home/dominic/kim_ws/devel/include/gtsam/discrete/DiscreteBayesNet.h
-- Installing: /home/dominic/kim_ws/devel/include/gtsam/discrete/DiscreteBayesTree.h
-- Installing: /home/dominic/kim_ws/devel/include/gtsam/discrete/DiscreteConditional.h
-- Installing: /home/dominic/kim_ws/devel/include/gtsam/discrete/DiscreteEliminationTree.h
-- Installing: /home/dominic/kim_ws/devel/include/gtsam/discrete/DiscreteFactor.h
-- Installing: /home/dominic/kim_ws/devel/include/gtsam/discrete/DiscreteFactorGraph.h
-- Installing: /home/dominic/kim_ws/devel/include/gtsam/discrete/DiscreteJunctionTree.h
-- Installing: /home/dominic/kim_ws/devel/include/gtsam/discrete/DiscreteKey.h
-- Installing: /home/dominic/kim_ws/devel/include/gtsam/discrete/DiscreteMarginals.h
-- Installing: /home/dominic/kim_ws/devel/include/gtsam/discrete/Potentials.h
-- Installing: /home/dominic/kim_ws/devel/include/gtsam/discrete/Signature.h
-- Installing: /home/dominic/kim_ws/devel/include/gtsam/linear/BinaryJacobianFactor.h
-- Installing: /home/dominic/kim_ws/devel/include/gtsam/linear/ConjugateGradientSolver.h
-- Installing: /home/dominic/kim_ws/devel/include/gtsam/linear/Errors.h
-- Installing: /home/dominic/kim_ws/devel/include/gtsam/linear/GaussianBayesNet.h
-- Installing: /home/dominic/kim_ws/devel/include/gtsam/linear/GaussianBayesTree-inl.h
-- Installing: /home/dominic/kim_ws/devel/include/gtsam/linear/GaussianBayesTree.h
-- Installing: /home/dominic/kim_ws/devel/include/gtsam/linear/GaussianConditional-inl.h
-- Installing: /home/dominic/kim_ws/devel/include/gtsam/linear/GaussianConditional.h
-- Installing: /home/dominic/kim_ws/devel/include/gtsam/linear/GaussianDensity.h
-- Installing: /home/dominic/kim_ws/devel/include/gtsam/linear/GaussianEliminationTree.h
-- Installing: /home/dominic/kim_ws/devel/include/gtsam/linear/GaussianFactor.h
-- Installing: /home/dominic/kim_ws/devel/include/gtsam/linear/GaussianFactorGraph.h
-- Installing: /home/dominic/kim_ws/devel/include/gtsam/linear/GaussianISAM.h
-- Installing: /home/dominic/kim_ws/devel/include/gtsam/linear/GaussianJunctionTree.h
-- Installing: /home/dominic/kim_ws/devel/include/gtsam/linear/HessianFactor-inl.h
-- Installing: /home/dominic/kim_ws/devel/include/gtsam/linear/HessianFactor.h
-- Installing: /home/dominic/kim_ws/devel/include/gtsam/linear/IterativeSolver.h
-- Installing: /home/dominic/kim_ws/devel/include/gtsam/linear/JacobianFactor-inl.h
-- Installing: /home/dominic/kim_ws/devel/include/gtsam/linear/JacobianFactor.h
-- Installing: /home/dominic/kim_ws/devel/include/gtsam/linear/KalmanFilter.h
-- Installing: /home/dominic/kim_ws/devel/include/gtsam/linear/LossFunctions.h
-- Installing: /home/dominic/kim_ws/devel/include/gtsam/linear/NoiseModel.h
-- Installing: /home/dominic/kim_ws/devel/include/gtsam/linear/PCGSolver.h
-- Installing: /home/dominic/kim_ws/devel/include/gtsam/linear/Preconditioner.h
-- Installing: /home/dominic/kim_ws/devel/include/gtsam/linear/RegularHessianFactor.h
-- Installing: /home/dominic/kim_ws/devel/include/gtsam/linear/RegularJacobianFactor.h
-- Installing: /home/dominic/kim_ws/devel/include/gtsam/linear/Sampler.h
-- Installing: /home/dominic/kim_ws/devel/include/gtsam/linear/Scatter.h
-- Installing: /home/dominic/kim_ws/devel/include/gtsam/linear/SubgraphBuilder.h
-- Installing: /home/dominic/kim_ws/devel/include/gtsam/linear/SubgraphPreconditioner.h
-- Installing: /home/dominic/kim_ws/devel/include/gtsam/linear/SubgraphSolver.h
-- Installing: /home/dominic/kim_ws/devel/include/gtsam/linear/VectorValues.h
-- Installing: /home/dominic/kim_ws/devel/include/gtsam/linear/iterative-inl.h
-- Installing: /home/dominic/kim_ws/devel/include/gtsam/linear/iterative.h
-- Installing: /home/dominic/kim_ws/devel/include/gtsam/linear/linearAlgorithms-inst.h
-- Installing: /home/dominic/kim_ws/devel/include/gtsam/linear/linearExceptions.h
-- Installing: /home/dominic/kim_ws/devel/include/gtsam/nonlinear/AdaptAutoDiff.h
-- Installing: /home/dominic/kim_ws/devel/include/gtsam/nonlinear/DoglegOptimizer.h
-- Installing: /home/dominic/kim_ws/devel/include/gtsam/nonlinear/DoglegOptimizerImpl.h
-- Installing: /home/dominic/kim_ws/devel/include/gtsam/nonlinear/Expression-inl.h
-- Installing: /home/dominic/kim_ws/devel/include/gtsam/nonlinear/Expression.h
-- Installing: /home/dominic/kim_ws/devel/include/gtsam/nonlinear/ExpressionFactor.h
-- Installing: /home/dominic/kim_ws/devel/include/gtsam/nonlinear/ExpressionFactorGraph.h
-- Installing: /home/dominic/kim_ws/devel/include/gtsam/nonlinear/ExtendedKalmanFilter-inl.h
-- Installing: /home/dominic/kim_ws/devel/include/gtsam/nonlinear/ExtendedKalmanFilter.h
-- Installing: /home/dominic/kim_ws/devel/include/gtsam/nonlinear/GaussNewtonOptimizer.h
-- Installing: /home/dominic/kim_ws/devel/include/gtsam/nonlinear/ISAM2-impl.h
-- Installing: /home/dominic/kim_ws/devel/include/gtsam/nonlinear/ISAM2.h
-- Installing: /home/dominic/kim_ws/devel/include/gtsam/nonlinear/ISAM2Clique.h
-- Installing: /home/dominic/kim_ws/devel/include/gtsam/nonlinear/ISAM2Params.h
-- Installing: /home/dominic/kim_ws/devel/include/gtsam/nonlinear/ISAM2Result.h
-- Installing: /home/dominic/kim_ws/devel/include/gtsam/nonlinear/ISAM2UpdateParams.h
-- Installing: /home/dominic/kim_ws/devel/include/gtsam/nonlinear/LevenbergMarquardtOptimizer.h
-- Installing: /home/dominic/kim_ws/devel/include/gtsam/nonlinear/LevenbergMarquardtParams.h
-- Installing: /home/dominic/kim_ws/devel/include/gtsam/nonlinear/LinearContainerFactor.h
-- Installing: /home/dominic/kim_ws/devel/include/gtsam/nonlinear/Marginals.h
-- Installing: /home/dominic/kim_ws/devel/include/gtsam/nonlinear/NonlinearConjugateGradientOptimizer.h
-- Installing: /home/dominic/kim_ws/devel/include/gtsam/nonlinear/NonlinearEquality.h
-- Installing: /home/dominic/kim_ws/devel/include/gtsam/nonlinear/NonlinearFactor.h
-- Installing: /home/dominic/kim_ws/devel/include/gtsam/nonlinear/NonlinearFactorGraph.h
-- Installing: /home/dominic/kim_ws/devel/include/gtsam/nonlinear/NonlinearISAM.h
-- Installing: /home/dominic/kim_ws/devel/include/gtsam/nonlinear/NonlinearOptimizer.h
-- Installing: /home/dominic/kim_ws/devel/include/gtsam/nonlinear/NonlinearOptimizerParams.h
-- Installing: /home/dominic/kim_ws/devel/include/gtsam/nonlinear/Symbol.h
-- Installing: /home/dominic/kim_ws/devel/include/gtsam/nonlinear/Values-inl.h
-- Installing: /home/dominic/kim_ws/devel/include/gtsam/nonlinear/Values.h
-- Installing: /home/dominic/kim_ws/devel/include/gtsam/nonlinear/WhiteNoiseFactor.h
-- Installing: /home/dominic/kim_ws/devel/include/gtsam/nonlinear/expressionTesting.h
-- Installing: /home/dominic/kim_ws/devel/include/gtsam/nonlinear/expressions.h
-- Installing: /home/dominic/kim_ws/devel/include/gtsam/nonlinear/factorTesting.h
-- Installing: /home/dominic/kim_ws/devel/include/gtsam/nonlinear/nonlinearExceptions.h
-- Installing: /home/dominic/kim_ws/devel/include/gtsam/nonlinear/utilities.h
-- Installing: /home/dominic/kim_ws/devel/include/gtsam/nonlinear/internal/CallRecord.h
-- Installing: /home/dominic/kim_ws/devel/include/gtsam/nonlinear/internal/ExecutionTrace.h
-- Installing: /home/dominic/kim_ws/devel/include/gtsam/nonlinear/internal/ExpressionNode.h
-- Installing: /home/dominic/kim_ws/devel/include/gtsam/nonlinear/internal/JacobianMap.h
-- Installing: /home/dominic/kim_ws/devel/include/gtsam/nonlinear/internal/LevenbergMarquardtState.h
-- Installing: /home/dominic/kim_ws/devel/include/gtsam/nonlinear/internal/NonlinearOptimizerState.h
-- Installing: /home/dominic/kim_ws/devel/include/gtsam/sam/BearingFactor.h
-- Installing: /home/dominic/kim_ws/devel/include/gtsam/sam/BearingRangeFactor.h
-- Installing: /home/dominic/kim_ws/devel/include/gtsam/sam/RangeFactor.h
-- Installing: /home/dominic/kim_ws/devel/include/gtsam/slam/AntiFactor.h
-- Installing: /home/dominic/kim_ws/devel/include/gtsam/slam/BearingFactor.h
-- Installing: /home/dominic/kim_ws/devel/include/gtsam/slam/BearingRangeFactor.h
-- Installing: /home/dominic/kim_ws/devel/include/gtsam/slam/BetweenFactor.h
-- Installing: /home/dominic/kim_ws/devel/include/gtsam/slam/BoundingConstraint.h
-- Installing: /home/dominic/kim_ws/devel/include/gtsam/slam/EssentialMatrixConstraint.h
-- Installing: /home/dominic/kim_ws/devel/include/gtsam/slam/EssentialMatrixFactor.h
-- Installing: /home/dominic/kim_ws/devel/include/gtsam/slam/GeneralSFMFactor.h
-- Installing: /home/dominic/kim_ws/devel/include/gtsam/slam/InitializePose3.h
-- Installing: /home/dominic/kim_ws/devel/include/gtsam/slam/JacobianFactorQ.h
-- Installing: /home/dominic/kim_ws/devel/include/gtsam/slam/JacobianFactorQR.h
-- Installing: /home/dominic/kim_ws/devel/include/gtsam/slam/JacobianFactorSVD.h
-- Installing: /home/dominic/kim_ws/devel/include/gtsam/slam/KarcherMeanFactor-inl.h
-- Installing: /home/dominic/kim_ws/devel/include/gtsam/slam/KarcherMeanFactor.h
-- Installing: /home/dominic/kim_ws/devel/include/gtsam/slam/OrientedPlane3Factor.h
-- Installing: /home/dominic/kim_ws/devel/include/gtsam/slam/PoseRotationPrior.h
-- Installing: /home/dominic/kim_ws/devel/include/gtsam/slam/PoseTranslationPrior.h
-- Installing: /home/dominic/kim_ws/devel/include/gtsam/slam/PriorFactor.h
-- Installing: /home/dominic/kim_ws/devel/include/gtsam/slam/ProjectionFactor.h
-- Installing: /home/dominic/kim_ws/devel/include/gtsam/slam/RangeFactor.h
-- Installing: /home/dominic/kim_ws/devel/include/gtsam/slam/ReferenceFrameFactor.h
-- Installing: /home/dominic/kim_ws/devel/include/gtsam/slam/RegularImplicitSchurFactor.h
-- Installing: /home/dominic/kim_ws/devel/include/gtsam/slam/RotateFactor.h
-- Installing: /home/dominic/kim_ws/devel/include/gtsam/slam/SmartFactorBase.h
-- Installing: /home/dominic/kim_ws/devel/include/gtsam/slam/SmartFactorParams.h
-- Installing: /home/dominic/kim_ws/devel/include/gtsam/slam/SmartProjectionFactor.h
-- Installing: /home/dominic/kim_ws/devel/include/gtsam/slam/SmartProjectionPoseFactor.h
-- Installing: /home/dominic/kim_ws/devel/include/gtsam/slam/StereoFactor.h
-- Installing: /home/dominic/kim_ws/devel/include/gtsam/slam/TriangulationFactor.h
-- Installing: /home/dominic/kim_ws/devel/include/gtsam/slam/dataset.h
-- Installing: /home/dominic/kim_ws/devel/include/gtsam/slam/expressions.h
-- Installing: /home/dominic/kim_ws/devel/include/gtsam/slam/lago.h
-- Installing: /home/dominic/kim_ws/devel/include/gtsam/navigation/AHRSFactor.h
-- Installing: /home/dominic/kim_ws/devel/include/gtsam/navigation/AttitudeFactor.h
-- Installing: /home/dominic/kim_ws/devel/include/gtsam/navigation/CombinedImuFactor.h
-- Installing: /home/dominic/kim_ws/devel/include/gtsam/navigation/GPSFactor.h
-- Installing: /home/dominic/kim_ws/devel/include/gtsam/navigation/ImuBias.h
-- Installing: /home/dominic/kim_ws/devel/include/gtsam/navigation/ImuFactor.h
-- Installing: /home/dominic/kim_ws/devel/include/gtsam/navigation/MagFactor.h
-- Installing: /home/dominic/kim_ws/devel/include/gtsam/navigation/ManifoldPreintegration.h
-- Installing: /home/dominic/kim_ws/devel/include/gtsam/navigation/NavState.h
-- Installing: /home/dominic/kim_ws/devel/include/gtsam/navigation/PreintegratedRotation.h
-- Installing: /home/dominic/kim_ws/devel/include/gtsam/navigation/PreintegrationBase.h
-- Installing: /home/dominic/kim_ws/devel/include/gtsam/navigation/PreintegrationParams.h
-- Installing: /home/dominic/kim_ws/devel/include/gtsam/navigation/Scenario.h
-- Installing: /home/dominic/kim_ws/devel/include/gtsam/navigation/ScenarioRunner.h
-- Installing: /home/dominic/kim_ws/devel/include/gtsam/navigation/TangentPreintegration.h
-- Installing: /home/dominic/kim_ws/devel/include/gtsam/navigation/expressions.h
-- Installing: /home/dominic/kim_ws/devel/include/gtsam_unstable/dllexport.h
-- Installing: /home/dominic/kim_ws/devel/lib/libgtsam_unstable.so.4.0.2
-- Installing: /home/dominic/kim_ws/devel/lib/libgtsam_unstable.so.4
-- Installing: /home/dominic/kim_ws/devel/lib/libgtsam_unstable.so
-- Set runtime path of "/home/dominic/kim_ws/devel/lib/libgtsam_unstable.so.4.0.2" to ""
-- Installing: /home/dominic/kim_ws/devel/include/gtsam_unstable/base/BTree.h
-- Installing: /home/dominic/kim_ws/devel/include/gtsam_unstable/base/DSF.h
-- Installing: /home/dominic/kim_ws/devel/include/gtsam_unstable/base/Dummy.h
-- Installing: /home/dominic/kim_ws/devel/include/gtsam_unstable/base/FixedVector.h
-- Installing: /home/dominic/kim_ws/devel/include/gtsam_unstable/geometry/BearingS2.h
-- Installing: /home/dominic/kim_ws/devel/include/gtsam_unstable/geometry/Event.h
-- Installing: /home/dominic/kim_ws/devel/include/gtsam_unstable/geometry/InvDepthCamera3.h
-- Installing: /home/dominic/kim_ws/devel/include/gtsam_unstable/geometry/Pose3Upright.h
-- Installing: /home/dominic/kim_ws/devel/include/gtsam_unstable/geometry/SimPolygon2D.h
-- Installing: /home/dominic/kim_ws/devel/include/gtsam_unstable/geometry/SimWall2D.h
-- Installing: /home/dominic/kim_ws/devel/include/gtsam_unstable/geometry/Similarity3.h
-- Installing: /home/dominic/kim_ws/devel/include/gtsam_unstable/linear/ActiveSetSolver-inl.h
-- Installing: /home/dominic/kim_ws/devel/include/gtsam_unstable/linear/ActiveSetSolver.h
-- Installing: /home/dominic/kim_ws/devel/include/gtsam_unstable/linear/EqualityFactorGraph.h
-- Installing: /home/dominic/kim_ws/devel/include/gtsam_unstable/linear/InequalityFactorGraph.h
-- Installing: /home/dominic/kim_ws/devel/include/gtsam_unstable/linear/InfeasibleInitialValues.h
-- Installing: /home/dominic/kim_ws/devel/include/gtsam_unstable/linear/InfeasibleOrUnboundedProblem.h
-- Installing: /home/dominic/kim_ws/devel/include/gtsam_unstable/linear/LP.h
-- Installing: /home/dominic/kim_ws/devel/include/gtsam_unstable/linear/LPInitSolver.h
-- Installing: /home/dominic/kim_ws/devel/include/gtsam_unstable/linear/LPSolver.h
-- Installing: /home/dominic/kim_ws/devel/include/gtsam_unstable/linear/LinearCost.h
-- Installing: /home/dominic/kim_ws/devel/include/gtsam_unstable/linear/LinearEquality.h
-- Installing: /home/dominic/kim_ws/devel/include/gtsam_unstable/linear/LinearInequality.h
-- Installing: /home/dominic/kim_ws/devel/include/gtsam_unstable/linear/QP.h
-- Installing: /home/dominic/kim_ws/devel/include/gtsam_unstable/linear/QPInitSolver.h
-- Installing: /home/dominic/kim_ws/devel/include/gtsam_unstable/linear/QPSParser.h
-- Installing: /home/dominic/kim_ws/devel/include/gtsam_unstable/linear/QPSParserException.h
-- Installing: /home/dominic/kim_ws/devel/include/gtsam_unstable/linear/QPSolver.h
-- Installing: /home/dominic/kim_ws/devel/include/gtsam_unstable/discrete/AllDiff.h
-- Installing: /home/dominic/kim_ws/devel/include/gtsam_unstable/discrete/BinaryAllDiff.h
-- Installing: /home/dominic/kim_ws/devel/include/gtsam_unstable/discrete/CSP.h
-- Installing: /home/dominic/kim_ws/devel/include/gtsam_unstable/discrete/Constraint.h
-- Installing: /home/dominic/kim_ws/devel/include/gtsam_unstable/discrete/Domain.h
-- Installing: /home/dominic/kim_ws/devel/include/gtsam_unstable/discrete/Scheduler.h
-- Installing: /home/dominic/kim_ws/devel/include/gtsam_unstable/discrete/SingleValue.h
-- Installing: /home/dominic/kim_ws/devel/include/gtsam_unstable/dynamics/DynamicsPriors.h
-- Installing: /home/dominic/kim_ws/devel/include/gtsam_unstable/dynamics/FullIMUFactor.h
-- Installing: /home/dominic/kim_ws/devel/include/gtsam_unstable/dynamics/IMUFactor.h
-- Installing: /home/dominic/kim_ws/devel/include/gtsam_unstable/dynamics/Pendulum.h
-- Installing: /home/dominic/kim_ws/devel/include/gtsam_unstable/dynamics/PoseRTV.h
-- Installing: /home/dominic/kim_ws/devel/include/gtsam_unstable/dynamics/SimpleHelicopter.h
-- Installing: /home/dominic/kim_ws/devel/include/gtsam_unstable/dynamics/VelocityConstraint.h
-- Installing: /home/dominic/kim_ws/devel/include/gtsam_unstable/dynamics/VelocityConstraint3.h
-- Installing: /home/dominic/kim_ws/devel/include/gtsam_unstable/nonlinear/BatchFixedLagSmoother.h
-- Installing: /home/dominic/kim_ws/devel/include/gtsam_unstable/nonlinear/ConcurrentBatchFilter.h
-- Installing: /home/dominic/kim_ws/devel/include/gtsam_unstable/nonlinear/ConcurrentBatchSmoother.h
-- Installing: /home/dominic/kim_ws/devel/include/gtsam_unstable/nonlinear/ConcurrentFilteringAndSmoothing.h
-- Installing: /home/dominic/kim_ws/devel/include/gtsam_unstable/nonlinear/ConcurrentIncrementalFilter.h
-- Installing: /home/dominic/kim_ws/devel/include/gtsam_unstable/nonlinear/ConcurrentIncrementalSmoother.h
-- Installing: /home/dominic/kim_ws/devel/include/gtsam_unstable/nonlinear/FixedLagSmoother.h
-- Installing: /home/dominic/kim_ws/devel/include/gtsam_unstable/nonlinear/IncrementalFixedLagSmoother.h
-- Installing: /home/dominic/kim_ws/devel/include/gtsam_unstable/nonlinear/LinearizedFactor.h
-- Installing: /home/dominic/kim_ws/devel/include/gtsam_unstable/nonlinear/NonlinearClusterTree.h
-- Installing: /home/dominic/kim_ws/devel/include/gtsam_unstable/slam/AHRS.h
-- Installing: /home/dominic/kim_ws/devel/include/gtsam_unstable/slam/BetweenFactorEM.h
-- Installing: /home/dominic/kim_ws/devel/include/gtsam_unstable/slam/BiasedGPSFactor.h
-- Installing: /home/dominic/kim_ws/devel/include/gtsam_unstable/slam/DummyFactor.h
-- Installing: /home/dominic/kim_ws/devel/include/gtsam_unstable/slam/EquivInertialNavFactor_GlobalVel.h
-- Installing: /home/dominic/kim_ws/devel/include/gtsam_unstable/slam/EquivInertialNavFactor_GlobalVel_NoBias.h
-- Installing: /home/dominic/kim_ws/devel/include/gtsam_unstable/slam/GaussMarkov1stOrderFactor.h
-- Installing: /home/dominic/kim_ws/devel/include/gtsam_unstable/slam/InertialNavFactor_GlobalVelocity.h
-- Installing: /home/dominic/kim_ws/devel/include/gtsam_unstable/slam/InvDepthFactor3.h
-- Installing: /home/dominic/kim_ws/devel/include/gtsam_unstable/slam/InvDepthFactorVariant1.h
-- Installing: /home/dominic/kim_ws/devel/include/gtsam_unstable/slam/InvDepthFactorVariant2.h
-- Installing: /home/dominic/kim_ws/devel/include/gtsam_unstable/slam/InvDepthFactorVariant3.h
-- Installing: /home/dominic/kim_ws/devel/include/gtsam_unstable/slam/Mechanization_bRn2.h
-- Installing: /home/dominic/kim_ws/devel/include/gtsam_unstable/slam/MultiProjectionFactor.h
-- Installing: /home/dominic/kim_ws/devel/include/gtsam_unstable/slam/PartialPriorFactor.h
-- Installing: /home/dominic/kim_ws/devel/include/gtsam_unstable/slam/PoseBetweenFactor.h
-- Installing: /home/dominic/kim_ws/devel/include/gtsam_unstable/slam/PosePriorFactor.h
-- Installing: /home/dominic/kim_ws/devel/include/gtsam_unstable/slam/ProjectionFactorPPP.h
-- Installing: /home/dominic/kim_ws/devel/include/gtsam_unstable/slam/ProjectionFactorPPPC.h
-- Installing: /home/dominic/kim_ws/devel/include/gtsam_unstable/slam/RelativeElevationFactor.h
-- Installing: /home/dominic/kim_ws/devel/include/gtsam_unstable/slam/SmartRangeFactor.h
-- Installing: /home/dominic/kim_ws/devel/include/gtsam_unstable/slam/SmartStereoProjectionFactor.h
-- Installing: /home/dominic/kim_ws/devel/include/gtsam_unstable/slam/SmartStereoProjectionPoseFactor.h
-- Installing: /home/dominic/kim_ws/devel/include/gtsam_unstable/slam/TOAFactor.h
-- Installing: /home/dominic/kim_ws/devel/include/gtsam_unstable/slam/TSAMFactors.h
-- Installing: /home/dominic/kim_ws/devel/include/gtsam_unstable/slam/TransformBtwRobotsUnaryFactor.h
-- Installing: /home/dominic/kim_ws/devel/include/gtsam_unstable/slam/TransformBtwRobotsUnaryFactorEM.h
-- Installing: /home/dominic/kim_ws/devel/include/gtsam_unstable/partition/FindSeparator-inl.h
-- Installing: /home/dominic/kim_ws/devel/include/gtsam_unstable/partition/FindSeparator.h
-- Installing: /home/dominic/kim_ws/devel/include/gtsam_unstable/partition/GenericGraph.h
-- Installing: /home/dominic/kim_ws/devel/include/gtsam_unstable/partition/NestedDissection-inl.h
-- Installing: /home/dominic/kim_ws/devel/include/gtsam_unstable/partition/NestedDissection.h
-- Installing: /home/dominic/kim_ws/devel/include/gtsam_unstable/partition/PartitionWorkSpace.h
-- Installing: /home/dominic/kim_ws/devel/lib/cmake/GTSAMCMakeTools/GTSAMCMakeToolsConfig.cmake
-- Installing: /home/dominic/kim_ws/devel/lib/cmake/GTSAMCMakeTools/Config.cmake.in
-- Installing: /home/dominic/kim_ws/devel/lib/cmake/GTSAMCMakeTools/dllexport.h.in
-- Installing: /home/dominic/kim_ws/devel/lib/cmake/GTSAMCMakeTools/GtsamBuildTypes.cmake
-- Installing: /home/dominic/kim_ws/devel/lib/cmake/GTSAMCMakeTools/GtsamMakeConfigFile.cmake
-- Installing: /home/dominic/kim_ws/devel/lib/cmake/GTSAMCMakeTools/GtsamMatlabWrap.cmake
-- Installing: /home/dominic/kim_ws/devel/lib/cmake/GTSAMCMakeTools/GtsamPythonWrap.cmake
-- Installing: /home/dominic/kim_ws/devel/lib/cmake/GTSAMCMakeTools/GtsamCythonWrap.cmake
-- Installing: /home/dominic/kim_ws/devel/lib/cmake/GTSAMCMakeTools/GtsamTesting.cmake
-- Installing: /home/dominic/kim_ws/devel/lib/cmake/GTSAMCMakeTools/GtsamPrinting.cmake
-- Installing: /home/dominic/kim_ws/devel/lib/cmake/GTSAMCMakeTools/FindCython.cmake
-- Installing: /home/dominic/kim_ws/devel/lib/cmake/GTSAMCMakeTools/FindNumPy.cmake
-- Installing: /home/dominic/kim_ws/devel/lib/cmake/GTSAMCMakeTools/README.html
