Determining if the pthread_create exist failed with the following output:
Change Dir: /home/dominic/kim_ws/build/kimera_vio/CMakeFiles/CMakeTmp

Run Build Command:"/usr/bin/make" "cmTC_a45b8/fast"
/usr/bin/make -f CMakeFiles/cmTC_a45b8.dir/build.make CMakeFiles/cmTC_a45b8.dir/build
make[1]: Entering directory '/home/dominic/kim_ws/build/kimera_vio/CMakeFiles/CMakeTmp'
Building CXX object CMakeFiles/cmTC_a45b8.dir/CheckSymbolExists.cxx.o
/usr/bin/c++     -o CMakeFiles/cmTC_a45b8.dir/CheckSymbolExists.cxx.o -c /home/dominic/kim_ws/build/kimera_vio/CMakeFiles/CMakeTmp/CheckSymbolExists.cxx
Linking CXX executable cmTC_a45b8
/usr/bin/cmake -E cmake_link_script CMakeFiles/cmTC_a45b8.dir/link.txt --verbose=1
/usr/bin/c++       CMakeFiles/cmTC_a45b8.dir/CheckSymbolExists.cxx.o  -o cmTC_a45b8 
CMakeFiles/cmTC_a45b8.dir/CheckSymbolExists.cxx.o: In function `main':
CheckSymbolExists.cxx:(.text+0x14): undefined reference to `pthread_create'
CheckSymbolExists.cxx:(.text+0x18): undefined reference to `pthread_create'
collect2: error: ld returned 1 exit status
CMakeFiles/cmTC_a45b8.dir/build.make:97: recipe for target 'cmTC_a45b8' failed
make[1]: *** [cmTC_a45b8] Error 1
make[1]: Leaving directory '/home/dominic/kim_ws/build/kimera_vio/CMakeFiles/CMakeTmp'
Makefile:126: recipe for target 'cmTC_a45b8/fast' failed
make: *** [cmTC_a45b8/fast] Error 2

File /home/dominic/kim_ws/build/kimera_vio/CMakeFiles/CMakeTmp/CheckSymbolExists.cxx:
/* */
#include <pthread.h>

int main(int argc, char** argv)
{
  (void)argv;
#ifndef pthread_create
  return ((int*)(&pthread_create))[argc];
#else
  (void)argc;
  return 0;
#endif
}

Determining if the function pthread_create exists in the pthreads failed with the following output:
Change Dir: /home/dominic/kim_ws/build/kimera_vio/CMakeFiles/CMakeTmp

Run Build Command:"/usr/bin/make" "cmTC_4eec4/fast"
/usr/bin/make -f CMakeFiles/cmTC_4eec4.dir/build.make CMakeFiles/cmTC_4eec4.dir/build
make[1]: Entering directory '/home/dominic/kim_ws/build/kimera_vio/CMakeFiles/CMakeTmp'
Building CXX object CMakeFiles/cmTC_4eec4.dir/CheckFunctionExists.cxx.o
/usr/bin/c++    -DCHECK_FUNCTION_EXISTS=pthread_create   -o CMakeFiles/cmTC_4eec4.dir/CheckFunctionExists.cxx.o -c /home/dominic/kim_ws/build/kimera_vio/CMakeFiles/CheckLibraryExists/CheckFunctionExists.cxx
Linking CXX executable cmTC_4eec4
/usr/bin/cmake -E cmake_link_script CMakeFiles/cmTC_4eec4.dir/link.txt --verbose=1
/usr/bin/c++   -DCHECK_FUNCTION_EXISTS=pthread_create    CMakeFiles/cmTC_4eec4.dir/CheckFunctionExists.cxx.o  -o cmTC_4eec4 -lpthreads 
/usr/bin/ld: cannot find -lpthreads
collect2: error: ld returned 1 exit status
CMakeFiles/cmTC_4eec4.dir/build.make:97: recipe for target 'cmTC_4eec4' failed
make[1]: *** [cmTC_4eec4] Error 1
make[1]: Leaving directory '/home/dominic/kim_ws/build/kimera_vio/CMakeFiles/CMakeTmp'
Makefile:126: recipe for target 'cmTC_4eec4/fast' failed
make: *** [cmTC_4eec4/fast] Error 2


