[35m[1mScanning dependencies of target KimeraRPGO[0m
[ 20%] [32mBuilding CXX object CMakeFiles/KimeraRPGO.dir/KimeraRPGO/RobustSolver.cpp.o[0m
[ 20%] [32mBuilding CXX object CMakeFiles/KimeraRPGO.dir/KimeraRPGO/GenericSolver.cpp.o[0m
In file included from [01m[K/home/dominic/kim_ws/src/Kimera-RPGO/KimeraRPGO/RobustSolver.h:19:0[m[K,
                 from [01m[K/home/dominic/kim_ws/src/Kimera-RPGO/KimeraRPGO/RobustSolver.cpp:6[m[K:
[01m[K/home/dominic/kim_ws/src/Kimera-RPGO/KimeraRPGO/outlier/OutlierRemoval.h:[m[K In member function ‘[01m[Kvirtual size_t KimeraRPGO::OutlierRemoval::getNumLC()[m[K’:
[01m[K/home/dominic/kim_ws/src/Kimera-RPGO/KimeraRPGO/outlier/OutlierRemoval.h:22:30:[m[K [01;35m[Kwarning: [m[Kno return statement in function returning non-void [[01;35m[K-Wreturn-type[m[K]
   virtual size_t getNumLC() {[01;35m[K}[m[K
                              [01;35m[K^[m[K
[01m[K/home/dominic/kim_ws/src/Kimera-RPGO/KimeraRPGO/outlier/OutlierRemoval.h:[m[K In member function ‘[01m[Kvirtual size_t KimeraRPGO::OutlierRemoval::getNumLCInliers()[m[K’:
[01m[K/home/dominic/kim_ws/src/Kimera-RPGO/KimeraRPGO/outlier/OutlierRemoval.h:23:37:[m[K [01;35m[Kwarning: [m[Kno return statement in function returning non-void [[01;35m[K-Wreturn-type[m[K]
   virtual size_t getNumLCInliers() {[01;35m[K}[m[K
                                     [01;35m[K^[m[K
[ 30%] [32mBuilding CXX object CMakeFiles/KimeraRPGO.dir/KimeraRPGO/max_clique_finder/findClique.cpp.o[0m
In file included from [01m[K/home/dominic/kim_ws/src/Kimera-RPGO/KimeraRPGO/max_clique_finder/findClique.cpp:25:0[m[K:
[01m[K/home/dominic/kim_ws/src/Kimera-RPGO/KimeraRPGO/max_clique_finder/findClique.h:7:1:[m[K [01;35m[Kwarning: [m[K"/*" within comment [[01;35m[K-Wcomment[m[K]
 /*   Authors: Bharath Pattabiraman and Md. Mostofa Ali Patwary */
  
[01m[K/home/dominic/kim_ws/src/Kimera-RPGO/KimeraRPGO/max_clique_finder/findClique.h:17:1:[m[K [01;35m[Kwarning: [m[K"/*" within comment [[01;35m[K-Wcomment[m[K]
 /*   Wei-keng Liao, and Alok Choudhary. */
  
[01m[K/home/dominic/kim_ws/src/Kimera-RPGO/KimeraRPGO/max_clique_finder/findClique.h:21:1:[m[K [01;35m[Kwarning: [m[K"/*" within comment [[01;35m[K-Wcomment[m[K]
 /*   http://arxiv.org/abs/1411.7460 */
  
In file included from [01m[K/home/dominic/kim_ws/src/Kimera-RPGO/KimeraRPGO/max_clique_finder/findClique.h:33:0[m[K,
                 from [01m[K/home/dominic/kim_ws/src/Kimera-RPGO/KimeraRPGO/max_clique_finder/findClique.cpp:25[m[K:
[01m[K/home/dominic/kim_ws/src/Kimera-RPGO/KimeraRPGO/max_clique_finder/graphIO.h:7:1:[m[K [01;35m[Kwarning: [m[K"/*" within comment [[01;35m[K-Wcomment[m[K]
 /*   Authors: Md. Mostofa Ali Patwary and Bharath Pattabiraman */
  
[01m[K/home/dominic/kim_ws/src/Kimera-RPGO/KimeraRPGO/max_clique_finder/graphIO.h:17:1:[m[K [01;35m[Kwarning: [m[K"/*" within comment [[01;35m[K-Wcomment[m[K]
 /*   Wei-keng Liao, and Alok Choudhary. */
  
[01m[K/home/dominic/kim_ws/src/Kimera-RPGO/KimeraRPGO/max_clique_finder/graphIO.h:21:1:[m[K [01;35m[Kwarning: [m[K"/*" within comment [[01;35m[K-Wcomment[m[K]
 /*   http://arxiv.org/abs/1411.7460 */
  
[01m[K/home/dominic/kim_ws/src/Kimera-RPGO/KimeraRPGO/max_clique_finder/findClique.cpp:[m[K In function ‘[01m[Kvoid FMC::maxCliqueHelper(FMC::CGraphIO*, std::vector<int>*, int, int*, std::vector<int>*)[m[K’:
[01m[K/home/dominic/kim_ws/src/Kimera-RPGO/KimeraRPGO/max_clique_finder/findClique.cpp:57:34:[m[K [01;35m[Kwarning: [m[Kcomparison between signed and unsigned integer expressions [[01;35m[K-Wsign-compare[m[K]
     if ([01;35m[KsizeOfClique + U->size() <= *maxClq[m[K) return;
         [01;35m[K~~~~~~~~~~~~~~~~~~~~~~~~~^~~~~~~~~~[m[K
[01m[K/home/dominic/kim_ws/src/Kimera-RPGO/KimeraRPGO/max_clique_finder/findClique.cpp:67:27:[m[K [01;35m[Kwarning: [m[Kcomparison between signed and unsigned integer expressions [[01;35m[K-Wsign-compare[m[K]
         for (int i = 0; [01;35m[Ki < U->size()[m[K; i++) {
                         [01;35m[K~~^~~~~~~~~~~[m[K
[01m[K/home/dominic/kim_ws/src/Kimera-RPGO/KimeraRPGO/max_clique_finder/findClique.cpp:[m[K In function ‘[01m[Kvoid FMC::print_max_clique(const std::vector<int>&)[m[K’:
[01m[K/home/dominic/kim_ws/src/Kimera-RPGO/KimeraRPGO/max_clique_finder/findClique.cpp:154:21:[m[K [01;35m[Kwarning: [m[Kcomparison between signed and unsigned integer expressions [[01;35m[K-Wsign-compare[m[K]
   for (int i = 0; [01;35m[Ki < max_clique_data.size()[m[K; i++)
                   [01;35m[K~~^~~~~~~~~~~~~~~~~~~~~~~~[m[K
[ 40%] [32mBuilding CXX object CMakeFiles/KimeraRPGO.dir/KimeraRPGO/max_clique_finder/findCliqueHeu.cpp.o[0m
[01m[K/home/dominic/kim_ws/src/Kimera-RPGO/KimeraRPGO/max_clique_finder/findCliqueHeu.cpp:7:1:[m[K [01;35m[Kwarning: [m[K"/*" within comment [[01;35m[K-Wcomment[m[K]
 /*   Authors: Md. Mostofa Ali Patwary and Bharath Pattabiraman */
  
[01m[K/home/dominic/kim_ws/src/Kimera-RPGO/KimeraRPGO/max_clique_finder/findCliqueHeu.cpp:17:1:[m[K [01;35m[Kwarning: [m[K"/*" within comment [[01;35m[K-Wcomment[m[K]
 /*   Wei-keng Liao, and Alok Choudhary. */
  
[01m[K/home/dominic/kim_ws/src/Kimera-RPGO/KimeraRPGO/max_clique_finder/findCliqueHeu.cpp:21:1:[m[K [01;35m[Kwarning: [m[K"/*" within comment [[01;35m[K-Wcomment[m[K]
 /*   http://arxiv.org/abs/1411.7460 */
  
In file included from [01m[K/home/dominic/kim_ws/src/Kimera-RPGO/KimeraRPGO/max_clique_finder/findCliqueHeu.cpp:27:0[m[K:
[01m[K/home/dominic/kim_ws/src/Kimera-RPGO/KimeraRPGO/max_clique_finder/findClique.h:7:1:[m[K [01;35m[Kwarning: [m[K"/*" within comment [[01;35m[K-Wcomment[m[K]
 /*   Authors: Bharath Pattabiraman and Md. Mostofa Ali Patwary */
  
[01m[K/home/dominic/kim_ws/src/Kimera-RPGO/KimeraRPGO/max_clique_finder/findClique.h:17:1:[m[K [01;35m[Kwarning: [m[K"/*" within comment [[01;35m[K-Wcomment[m[K]
 /*   Wei-keng Liao, and Alok Choudhary. */
  
[01m[K/home/dominic/kim_ws/src/Kimera-RPGO/KimeraRPGO/max_clique_finder/findClique.h:21:1:[m[K [01;35m[Kwarning: [m[K"/*" within comment [[01;35m[K-Wcomment[m[K]
 /*   http://arxiv.org/abs/1411.7460 */
  
In file included from [01m[K/home/dominic/kim_ws/src/Kimera-RPGO/KimeraRPGO/max_clique_finder/findClique.h:33:0[m[K,
                 from [01m[K/home/dominic/kim_ws/src/Kimera-RPGO/KimeraRPGO/max_clique_finder/findCliqueHeu.cpp:27[m[K:
[01m[K/home/dominic/kim_ws/src/Kimera-RPGO/KimeraRPGO/max_clique_finder/graphIO.h:7:1:[m[K [01;35m[Kwarning: [m[K"/*" within comment [[01;35m[K-Wcomment[m[K]
 /*   Authors: Md. Mostofa Ali Patwary and Bharath Pattabiraman */
  
[01m[K/home/dominic/kim_ws/src/Kimera-RPGO/KimeraRPGO/max_clique_finder/graphIO.h:17:1:[m[K [01;35m[Kwarning: [m[K"/*" within comment [[01;35m[K-Wcomment[m[K]
 /*   Wei-keng Liao, and Alok Choudhary. */
  
[01m[K/home/dominic/kim_ws/src/Kimera-RPGO/KimeraRPGO/max_clique_finder/graphIO.h:21:1:[m[K [01;35m[Kwarning: [m[K"/*" within comment [[01;35m[K-Wcomment[m[K]
 /*   http://arxiv.org/abs/1411.7460 */
  
[01m[K/home/dominic/kim_ws/src/Kimera-RPGO/KimeraRPGO/max_clique_finder/findCliqueHeu.cpp:[m[K In function ‘[01m[Kint FMC::maxCliqueHeu(FMC::CGraphIO*, std::vector<int>*)[m[K’:
[01m[K/home/dominic/kim_ws/src/Kimera-RPGO/KimeraRPGO/max_clique_finder/findCliqueHeu.cpp:50:51:[m[K [01;35m[Kwarning: [m[Kcomparison between signed and unsigned integer expressions [[01;35m[K-Wsign-compare[m[K]
   for (int iCandidateVertex = 0; [01;35m[KiCandidateVertex < p_v_i_Vertices->size() - 1[m[K;
                                  [01;35m[K~~~~~~~~~~~~~~~~~^~~~~~~~~~~~~~~~~~~~~~~~~~~~[m[K
[01m[K/home/dominic/kim_ws/src/Kimera-RPGO/KimeraRPGO/max_clique_finder/findCliqueHeu.cpp:62:12:[m[K [01;35m[Kwarning: [m[Kvariable ‘[01m[Kimd[m[K’ set but not used [[01;35m[K-Wunused-but-set-variable[m[K]
            [01;35m[Kimd[m[K = (*p_v_i_Vertices)[iCandidateVertex + 1] -
            [01;35m[K^~~[m[K
[ 50%] [32mBuilding CXX object CMakeFiles/KimeraRPGO.dir/KimeraRPGO/max_clique_finder/graphIO.cpp.o[0m
In file included from [01m[K/home/dominic/kim_ws/src/Kimera-RPGO/KimeraRPGO/max_clique_finder/graphIO.cpp:26:0[m[K:
[01m[K/home/dominic/kim_ws/src/Kimera-RPGO/KimeraRPGO/max_clique_finder/graphIO.h:7:1:[m[K [01;35m[Kwarning: [m[K"/*" within comment [[01;35m[K-Wcomment[m[K]
 /*   Authors: Md. Mostofa Ali Patwary and Bharath Pattabiraman */
  
[01m[K/home/dominic/kim_ws/src/Kimera-RPGO/KimeraRPGO/max_clique_finder/graphIO.h:17:1:[m[K [01;35m[Kwarning: [m[K"/*" within comment [[01;35m[K-Wcomment[m[K]
 /*   Wei-keng Liao, and Alok Choudhary. */
  
[01m[K/home/dominic/kim_ws/src/Kimera-RPGO/KimeraRPGO/max_clique_finder/graphIO.h:21:1:[m[K [01;35m[Kwarning: [m[K"/*" within comment [[01;35m[K-Wcomment[m[K]
 /*   http://arxiv.org/abs/1411.7460 */
  
[01m[K/home/dominic/kim_ws/src/Kimera-RPGO/KimeraRPGO/max_clique_finder/graphIO.cpp:[m[K In member function ‘[01m[Kbool FMC::CGraphIO::ReadMatrixMarketAdjacencyGraph(std::__cxx11::string, float)[m[K’:
[01m[K/home/dominic/kim_ws/src/Kimera-RPGO/KimeraRPGO/max_clique_finder/graphIO.cpp:144:25:[m[K [01;35m[Kwarning: [m[Kcomparison between signed and unsigned integer expressions [[01;35m[K-Wsign-compare[m[K]
       for (int k = 0; [01;35m[Kk < nodeList[rowIndex].size()[m[K; k++) {
                       [01;35m[K~~^~~~~~~~~~~~~~~~~~~~~~~~~~~[m[K
[01m[K/home/dominic/kim_ws/src/Kimera-RPGO/KimeraRPGO/max_clique_finder/graphIO.cpp:[m[K In member function ‘[01m[Kbool FMC::CGraphIO::ReadEigenAdjacencyMatrix(Eigen::MatrixXd)[m[K’:
[01m[K/home/dominic/kim_ws/src/Kimera-RPGO/KimeraRPGO/max_clique_finder/graphIO.cpp:202:24:[m[K [01;35m[Kwarning: [m[Kcomparison between signed and unsigned integer expressions [[01;35m[K-Wsign-compare[m[K]
   for (size_t j = 0; [01;35m[Kj < col[m[K; j++) {
                      [01;35m[K~~^~~~~[m[K
[01m[K/home/dominic/kim_ws/src/Kimera-RPGO/KimeraRPGO/max_clique_finder/graphIO.cpp:203:26:[m[K [01;35m[Kwarning: [m[Kcomparison between signed and unsigned integer expressions [[01;35m[K-Wsign-compare[m[K]
     for (size_t i = j; [01;35m[Ki < row[m[K; i++) {
                        [01;35m[K~~^~~~~[m[K
[01m[K/home/dominic/kim_ws/src/Kimera-RPGO/KimeraRPGO/max_clique_finder/graphIO.cpp:209:25:[m[K [01;35m[Kwarning: [m[Kcomparison between signed and unsigned integer expressions [[01;35m[K-Wsign-compare[m[K]
       for (int k = 0; [01;35m[Kk < nodeList[i].size()[m[K; k++) {
                       [01;35m[K~~^~~~~~~~~~~~~~~~~~~~[m[K
[01m[K/home/dominic/kim_ws/src/Kimera-RPGO/KimeraRPGO/max_clique_finder/graphIO.cpp:210:15:[m[K [01;35m[Kwarning: [m[Kcomparison between signed and unsigned integer expressions [[01;35m[K-Wsign-compare[m[K]
         if (j == nodeList[i][k]) {
[ 60%] [32mBuilding CXX object CMakeFiles/KimeraRPGO.dir/KimeraRPGO/max_clique_finder/utils.cpp.o[0m
In file included from [01m[K/home/dominic/kim_ws/src/Kimera-RPGO/KimeraRPGO/max_clique_finder/utils.cpp:26:0[m[K:
[01m[K/home/dominic/kim_ws/src/Kimera-RPGO/KimeraRPGO/max_clique_finder/findClique.h:7:1:[m[K [01;35m[Kwarning: [m[K"/*" within comment [[01;35m[K-Wcomment[m[K]
 /*   Authors: Bharath Pattabiraman and Md. Mostofa Ali Patwary */
  
[01m[K/home/dominic/kim_ws/src/Kimera-RPGO/KimeraRPGO/max_clique_finder/findClique.h:17:1:[m[K [01;35m[Kwarning: [m[K"/*" within comment [[01;35m[K-Wcomment[m[K]
 /*   Wei-keng Liao, and Alok Choudhary. */
  
[01m[K/home/dominic/kim_ws/src/Kimera-RPGO/KimeraRPGO/max_clique_finder/findClique.h:21:1:[m[K [01;35m[Kwarning: [m[K"/*" within comment [[01;35m[K-Wcomment[m[K]
 /*   http://arxiv.org/abs/1411.7460 */
  
In file included from [01m[K/home/dominic/kim_ws/src/Kimera-RPGO/KimeraRPGO/max_clique_finder/findClique.h:33:0[m[K,
                 from [01m[K/home/dominic/kim_ws/src/Kimera-RPGO/KimeraRPGO/max_clique_finder/utils.cpp:26[m[K:
[01m[K/home/dominic/kim_ws/src/Kimera-RPGO/KimeraRPGO/max_clique_finder/graphIO.h:7:1:[m[K [01;35m[Kwarning: [m[K"/*" within comment [[01;35m[K-Wcomment[m[K]
 /*   Authors: Md. Mostofa Ali Patwary and Bharath Pattabiraman */
  
[01m[K/home/dominic/kim_ws/src/Kimera-RPGO/KimeraRPGO/max_clique_finder/graphIO.h:17:1:[m[K [01;35m[Kwarning: [m[K"/*" within comment [[01;35m[K-Wcomment[m[K]
 /*   Wei-keng Liao, and Alok Choudhary. */
  
[01m[K/home/dominic/kim_ws/src/Kimera-RPGO/KimeraRPGO/max_clique_finder/graphIO.h:21:1:[m[K [01;35m[Kwarning: [m[K"/*" within comment [[01;35m[K-Wcomment[m[K]
 /*   http://arxiv.org/abs/1411.7460 */
  
[ 70%] [32mBuilding CXX object CMakeFiles/KimeraRPGO.dir/KimeraRPGO/utils/graph_utils.cpp.o[0m
In file included from [01m[K/home/dominic/kim_ws/src/Kimera-RPGO/KimeraRPGO/utils/graph_utils.cpp:4:0[m[K:
[01m[K/home/dominic/kim_ws/src/Kimera-RPGO/KimeraRPGO/max_clique_finder/findClique.h:7:1:[m[K [01;35m[Kwarning: [m[K"/*" within comment [[01;35m[K-Wcomment[m[K]
 /*   Authors: Bharath Pattabiraman and Md. Mostofa Ali Patwary */
  
[01m[K/home/dominic/kim_ws/src/Kimera-RPGO/KimeraRPGO/max_clique_finder/findClique.h:17:1:[m[K [01;35m[Kwarning: [m[K"/*" within comment [[01;35m[K-Wcomment[m[K]
 /*   Wei-keng Liao, and Alok Choudhary. */
  
[01m[K/home/dominic/kim_ws/src/Kimera-RPGO/KimeraRPGO/max_clique_finder/findClique.h:21:1:[m[K [01;35m[Kwarning: [m[K"/*" within comment [[01;35m[K-Wcomment[m[K]
 /*   http://arxiv.org/abs/1411.7460 */
  
In file included from [01m[K/home/dominic/kim_ws/src/Kimera-RPGO/KimeraRPGO/max_clique_finder/findClique.h:33:0[m[K,
                 from [01m[K/home/dominic/kim_ws/src/Kimera-RPGO/KimeraRPGO/utils/graph_utils.cpp:4[m[K:
[01m[K/home/dominic/kim_ws/src/Kimera-RPGO/KimeraRPGO/max_clique_finder/graphIO.h:7:1:[m[K [01;35m[Kwarning: [m[K"/*" within comment [[01;35m[K-Wcomment[m[K]
 /*   Authors: Md. Mostofa Ali Patwary and Bharath Pattabiraman */
  
[01m[K/home/dominic/kim_ws/src/Kimera-RPGO/KimeraRPGO/max_clique_finder/graphIO.h:17:1:[m[K [01;35m[Kwarning: [m[K"/*" within comment [[01;35m[K-Wcomment[m[K]
 /*   Wei-keng Liao, and Alok Choudhary. */
  
[01m[K/home/dominic/kim_ws/src/Kimera-RPGO/KimeraRPGO/max_clique_finder/graphIO.h:21:1:[m[K [01;35m[Kwarning: [m[K"/*" within comment [[01;35m[K-Wcomment[m[K]
 /*   http://arxiv.org/abs/1411.7460 */
  
[01m[K/home/dominic/kim_ws/src/Kimera-RPGO/KimeraRPGO/utils/graph_utils.cpp:[m[K In function ‘[01m[Kint KimeraRPGO::findMaxClique(Eigen::MatrixXd, std::vector<int>&)[m[K’:
[01m[K/home/dominic/kim_ws/src/Kimera-RPGO/KimeraRPGO/utils/graph_utils.cpp:14:19:[m[K [01;35m[Kwarning: [m[K‘[01m[Kmax_clique_size[m[K’ may be used uninitialized in this function [[01;35m[K-Wmaybe-uninitialized[m[K]
   [01;35m[Kmax_clique_size = FMC::maxClique(&gio, max_clique_size, &max_clique)[m[K;
   [01;35m[K~~~~~~~~~~~~~~~~^~~~~~~~~~~~~~~~~~~~~~~~~~~~~~~~~~~~~~~~~~~~~~~~~~~~[m[K
[ 80%] [32m[1mLinking CXX shared library libKimeraRPGO.so[0m
[ 80%] Built target KimeraRPGO
[35m[1mScanning dependencies of target RpgoReadG2o[0m
[ 90%] [32mBuilding CXX object CMakeFiles/RpgoReadG2o.dir/examples/RpgoReadG2o.cpp.o[0m
In file included from [01m[K/home/dominic/kim_ws/src/Kimera-RPGO/KimeraRPGO/RobustSolver.h:19:0[m[K,
                 from [01m[K/home/dominic/kim_ws/src/Kimera-RPGO/examples/RpgoReadG2o.cpp:14[m[K:
[01m[K/home/dominic/kim_ws/src/Kimera-RPGO/KimeraRPGO/outlier/OutlierRemoval.h:[m[K In member function ‘[01m[Kvirtual size_t KimeraRPGO::OutlierRemoval::getNumLC()[m[K’:
[01m[K/home/dominic/kim_ws/src/Kimera-RPGO/KimeraRPGO/outlier/OutlierRemoval.h:22:30:[m[K [01;35m[Kwarning: [m[Kno return statement in function returning non-void [[01;35m[K-Wreturn-type[m[K]
   virtual size_t getNumLC() {[01;35m[K}[m[K
                              [01;35m[K^[m[K
[01m[K/home/dominic/kim_ws/src/Kimera-RPGO/KimeraRPGO/outlier/OutlierRemoval.h:[m[K In member function ‘[01m[Kvirtual size_t KimeraRPGO::OutlierRemoval::getNumLCInliers()[m[K’:
[01m[K/home/dominic/kim_ws/src/Kimera-RPGO/KimeraRPGO/outlier/OutlierRemoval.h:23:37:[m[K [01;35m[Kwarning: [m[Kno return statement in function returning non-void [[01;35m[K-Wreturn-type[m[K]
   virtual size_t getNumLCInliers() {[01;35m[K}[m[K
                                     [01;35m[K^[m[K
[100%] [32m[1mLinking CXX executable RpgoReadG2o[0m
[100%] Built target RpgoReadG2o
