Determining if the pthread_create exist failed with the following output:
Change Dir: /home/dominator/blind_eagle/aut_ws/build/eagle/CMakeFiles/CMakeTmp

Run Build Command:"/usr/bin/make" "cmTC_aaeeb/fast"
/usr/bin/make -f CMakeFiles/cmTC_aaeeb.dir/build.make CMakeFiles/cmTC_aaeeb.dir/build
make[1]: Entering directory '/home/dominator/blind_eagle/aut_ws/build/eagle/CMakeFiles/CMakeTmp'
Building C object CMakeFiles/cmTC_aaeeb.dir/CheckSymbolExists.c.o
/usr/bin/cc    -o CMakeFiles/cmTC_aaeeb.dir/CheckSymbolExists.c.o   -c /home/dominator/blind_eagle/aut_ws/build/eagle/CMakeFiles/CMakeTmp/CheckSymbolExists.c
Linking C executable cmTC_aaeeb
/usr/bin/cmake -E cmake_link_script CMakeFiles/cmTC_aaeeb.dir/link.txt --verbose=1
/usr/bin/cc      -rdynamic CMakeFiles/cmTC_aaeeb.dir/CheckSymbolExists.c.o  -o cmTC_aaeeb 
CMakeFiles/cmTC_aaeeb.dir/CheckSymbolExists.c.o: In function `main':
CheckSymbolExists.c:(.text+0x14): undefined reference to `pthread_create'
CheckSymbolExists.c:(.text+0x18): undefined reference to `pthread_create'
collect2: error: ld returned 1 exit status
CMakeFiles/cmTC_aaeeb.dir/build.make:97: recipe for target 'cmTC_aaeeb' failed
make[1]: *** [cmTC_aaeeb] Error 1
make[1]: Leaving directory '/home/dominator/blind_eagle/aut_ws/build/eagle/CMakeFiles/CMakeTmp'
Makefile:126: recipe for target 'cmTC_aaeeb/fast' failed
make: *** [cmTC_aaeeb/fast] Error 2

File /home/dominator/blind_eagle/aut_ws/build/eagle/CMakeFiles/CMakeTmp/CheckSymbolExists.c:
/* */
#include <pthread.h>

int main(int argc, char** argv)
{
  (void)argv;
#ifndef pthread_create
  return ((int*)(&pthread_create))[argc];
#else
  (void)argc;
  return 0;
#endif
}

Determining if the function pthread_create exists in the pthreads failed with the following output:
Change Dir: /home/dominator/blind_eagle/aut_ws/build/eagle/CMakeFiles/CMakeTmp

Run Build Command:"/usr/bin/make" "cmTC_74305/fast"
/usr/bin/make -f CMakeFiles/cmTC_74305.dir/build.make CMakeFiles/cmTC_74305.dir/build
make[1]: Entering directory '/home/dominator/blind_eagle/aut_ws/build/eagle/CMakeFiles/CMakeTmp'
Building C object CMakeFiles/cmTC_74305.dir/CheckFunctionExists.c.o
/usr/bin/cc   -DCHECK_FUNCTION_EXISTS=pthread_create   -o CMakeFiles/cmTC_74305.dir/CheckFunctionExists.c.o   -c /usr/share/cmake-3.10/Modules/CheckFunctionExists.c
Linking C executable cmTC_74305
/usr/bin/cmake -E cmake_link_script CMakeFiles/cmTC_74305.dir/link.txt --verbose=1
/usr/bin/cc  -DCHECK_FUNCTION_EXISTS=pthread_create    -rdynamic CMakeFiles/cmTC_74305.dir/CheckFunctionExists.c.o  -o cmTC_74305 -lpthreads 
/usr/bin/ld: cannot find -lpthreads
collect2: error: ld returned 1 exit status
CMakeFiles/cmTC_74305.dir/build.make:97: recipe for target 'cmTC_74305' failed
make[1]: *** [cmTC_74305] Error 1
make[1]: Leaving directory '/home/dominator/blind_eagle/aut_ws/build/eagle/CMakeFiles/CMakeTmp'
Makefile:126: recipe for target 'cmTC_74305/fast' failed
make: *** [cmTC_74305/fast] Error 2


