Determining if the pthread_create exist failed with the following output:
Change Dir: /home/dominic/kim_ws/build/gtsam/CMakeFiles/CMakeTmp

Run Build Command:"/usr/bin/make" "cmTC_d50ed/fast"
/usr/bin/make -f CMakeFiles/cmTC_d50ed.dir/build.make CMakeFiles/cmTC_d50ed.dir/build
make[1]: Entering directory '/home/dominic/kim_ws/build/gtsam/CMakeFiles/CMakeTmp'
Building C object CMakeFiles/cmTC_d50ed.dir/CheckSymbolExists.c.o
/usr/bin/cc    -o CMakeFiles/cmTC_d50ed.dir/CheckSymbolExists.c.o   -c /home/dominic/kim_ws/build/gtsam/CMakeFiles/CMakeTmp/CheckSymbolExists.c
Linking C executable cmTC_d50ed
/usr/bin/cmake -E cmake_link_script CMakeFiles/cmTC_d50ed.dir/link.txt --verbose=1
/usr/bin/cc      -rdynamic CMakeFiles/cmTC_d50ed.dir/CheckSymbolExists.c.o  -o cmTC_d50ed 
CMakeFiles/cmTC_d50ed.dir/CheckSymbolExists.c.o: In function `main':
CheckSymbolExists.c:(.text+0x14): undefined reference to `pthread_create'
CheckSymbolExists.c:(.text+0x18): undefined reference to `pthread_create'
collect2: error: ld returned 1 exit status
CMakeFiles/cmTC_d50ed.dir/build.make:97: recipe for target 'cmTC_d50ed' failed
make[1]: *** [cmTC_d50ed] Error 1
make[1]: Leaving directory '/home/dominic/kim_ws/build/gtsam/CMakeFiles/CMakeTmp'
Makefile:126: recipe for target 'cmTC_d50ed/fast' failed
make: *** [cmTC_d50ed/fast] Error 2

File /home/dominic/kim_ws/build/gtsam/CMakeFiles/CMakeTmp/CheckSymbolExists.c:
/* */
#include <pthread.h>

int main(int argc, char** argv)
{
  (void)argv;
#ifndef pthread_create
  return ((int*)(&pthread_create))[argc];
#else
  (void)argc;
  return 0;
#endif
}

Determining if the function pthread_create exists in the pthreads failed with the following output:
Change Dir: /home/dominic/kim_ws/build/gtsam/CMakeFiles/CMakeTmp

Run Build Command:"/usr/bin/make" "cmTC_dfd4c/fast"
/usr/bin/make -f CMakeFiles/cmTC_dfd4c.dir/build.make CMakeFiles/cmTC_dfd4c.dir/build
make[1]: Entering directory '/home/dominic/kim_ws/build/gtsam/CMakeFiles/CMakeTmp'
Building C object CMakeFiles/cmTC_dfd4c.dir/CheckFunctionExists.c.o
/usr/bin/cc   -DCHECK_FUNCTION_EXISTS=pthread_create   -o CMakeFiles/cmTC_dfd4c.dir/CheckFunctionExists.c.o   -c /usr/share/cmake-3.10/Modules/CheckFunctionExists.c
Linking C executable cmTC_dfd4c
/usr/bin/cmake -E cmake_link_script CMakeFiles/cmTC_dfd4c.dir/link.txt --verbose=1
/usr/bin/cc  -DCHECK_FUNCTION_EXISTS=pthread_create    -rdynamic CMakeFiles/cmTC_dfd4c.dir/CheckFunctionExists.c.o  -o cmTC_dfd4c -lpthreads 
/usr/bin/ld: cannot find -lpthreads
collect2: error: ld returned 1 exit status
CMakeFiles/cmTC_dfd4c.dir/build.make:97: recipe for target 'cmTC_dfd4c' failed
make[1]: *** [cmTC_dfd4c] Error 1
make[1]: Leaving directory '/home/dominic/kim_ws/build/gtsam/CMakeFiles/CMakeTmp'
Makefile:126: recipe for target 'cmTC_dfd4c/fast' failed
make: *** [cmTC_dfd4c/fast] Error 2


